[11-Feb-2014 22:31:17 Europe/Madrid] QUERY resultadosFunctions::__construct() :
SELECT Jornada,Cerrada FROM Mangas WHERE ID=3
[11-Feb-2014 22:31:17 Europe/Madrid] TRACE resultadosFunctions::enumerate() : Enter
[11-Feb-2014 22:31:17 Europe/Madrid] TRACE Competicion::getOrden() : Enter
[11-Feb-2014 22:31:17 Europe/Madrid] QUERY Competicion::getOrden() :
SELECT Orden_Salida FROM Mangas WHERE ( ID=3 )
[11-Feb-2014 22:31:17 Europe/Madrid] TRACE Competicion::getOrden() : Leave
[11-Feb-2014 22:31:17 Europe/Madrid] DEBUG resultadosFunctions::enumerate() : El orden de salida es: 
BEGIN,TAG_-0,TAG_-1,TAG_L0,578,558,574,33,579,227,TAG_L1,575,TAG_M0,577,563,404,564,414,TAG_M1,384,TAG_S0,496,585,500,TAG_S1,TAG_T0,TAG_T1,END
[11-Feb-2014 22:31:17 Europe/Madrid] QUERY resultadosFunctions::enumerate() :
SELECT * FROM Resultados WHERE (Manga=3)
[11-Feb-2014 22:31:17 Europe/Madrid] TRACE resultadosFunctions::enumerate() : Leave
[11-Feb-2014 22:31:17 Europe/Madrid] PHP Fatal error:  Class 'Pruebas' not found in /home/jantonio/work/agility/git-localrepo/agility/database/clasificacionesFunctions.php on line 8
[11-Feb-2014 22:31:17 Europe/Madrid] TRACE ordenSalidaFunctions::getData() : Enter
[11-Feb-2014 22:31:17 Europe/Madrid] TRACE ordenSalidaFunctions::getOrden() : Enter
[11-Feb-2014 22:31:17 Europe/Madrid] QUERY ordenSalidaFunctions::getOrden() :
SELECT Orden_Salida FROM Mangas WHERE ( ID=3 )
[11-Feb-2014 22:31:17 Europe/Madrid] TRACE ordenSalidaFunctions::getOrden() : Leave
[11-Feb-2014 22:31:17 Europe/Madrid] DEBUG ordenSalidaFunctions::getData() : El orden de salida actual es BEGIN,TAG_-0,TAG_-1,TAG_L0,578,558,574,33,579,227,TAG_L1,575,TAG_M0,577,563,404,564,414,TAG_M1,384,TAG_S0,496,585,500,TAG_S1,TAG_T0,TAG_T1,END
[11-Feb-2014 22:31:17 Europe/Madrid] QUERY ordenSalidaFunctions::getData() :
SELECT * FROM InscritosJornada WHERE ( Jornada=9 ) ORDER BY Categoria ASC , Celo ASC, Equipo, Orden
[11-Feb-2014 22:31:17 Europe/Madrid] QUERY ordenSalidaFunctions::getData() :
SELECT Grado FROM Mangas WHERE ( ID=3 )
[11-Feb-2014 22:31:17 Europe/Madrid] TRACE ordenSalidaFunctions::getData() : Leave
[11-Feb-2014 22:31:17 Europe/Madrid] TRACE mangaFunctions::selectByID() : Enter
[11-Feb-2014 22:31:17 Europe/Madrid] QUERY mangaFunctions::selectByID() :
SELECT * FROM Mangas WHERE ( ID = 3 )
[11-Feb-2014 22:31:17 Europe/Madrid] TRACE mangaFunctions::selectByID() : Leave
[11-Feb-2014 22:31:17 Europe/Madrid] TRACE juezFunctions::enumerate() : Enter
[11-Feb-2014 22:31:17 Europe/Madrid] QUERY juezFunctions::enumerate() :
SELECT count(*) FROM Jueces 
[11-Feb-2014 22:31:17 Europe/Madrid] QUERY juezFunctions::enumerate() :
SELECT * FROM Jueces  ORDER BY Nombre ASC
[11-Feb-2014 22:31:17 Europe/Madrid] TRACE juezFunctions::enumerate() : Leave
[11-Feb-2014 22:31:17 Europe/Madrid] TRACE juezFunctions::enumerate() : Enter
[11-Feb-2014 22:31:17 Europe/Madrid] QUERY juezFunctions::enumerate() :
SELECT count(*) FROM Jueces 
[11-Feb-2014 22:31:17 Europe/Madrid] QUERY juezFunctions::enumerate() :
SELECT * FROM Jueces  ORDER BY Nombre ASC
[11-Feb-2014 22:31:17 Europe/Madrid] TRACE juezFunctions::enumerate() : Leave
[11-Feb-2014 22:31:20 Europe/Madrid] PHP Fatal error:  Class 'Pruebas' not found in /home/jantonio/work/agility/git-localrepo/agility/database/clasificacionesFunctions.php on line 8
[11-Feb-2014 22:31:51 Europe/Madrid] clasificacionesFunctions:: invalid operation: resultados provided
[11-Feb-2014 22:34:25 Europe/Madrid] TRACE pruebaFunctions::enumerate() : Enter
[11-Feb-2014 22:34:25 Europe/Madrid] QUERY pruebaFunctions::enumerate() :
SELECT count(*) FROM Pruebas WHERE ( Cerrada=0 ) 
[11-Feb-2014 22:34:25 Europe/Madrid] QUERY pruebaFunctions::enumerate() :
SELECT * FROM Pruebas WHERE (Cerrada=0)  ORDER BY Nombre ASC
[11-Feb-2014 22:34:25 Europe/Madrid] TRACE pruebaFunctions::enumerate() : Leave
[11-Feb-2014 22:34:25 Europe/Madrid] TRACE jornadaFunctions::searchByPrueba() : Enter
[11-Feb-2014 22:34:25 Europe/Madrid] QUERY jornadaFunctions::searchByPrueba() :
SELECT count(*) FROM Jornadas WHERE ( ( Prueba = 0 ) AND ( Cerrada=0) )
[11-Feb-2014 22:34:25 Europe/Madrid] TRACE jornadaFunctions::searchByPrueba() : Leave
[11-Feb-2014 22:34:27 Europe/Madrid] TRACE jornadaFunctions::searchByPrueba() : Enter
[11-Feb-2014 22:34:27 Europe/Madrid] QUERY jornadaFunctions::searchByPrueba() :
SELECT count(*) FROM Jornadas WHERE ( ( Prueba = 3 ) AND ( Cerrada=0) )
[11-Feb-2014 22:34:27 Europe/Madrid] QUERY jornadaFunctions::searchByPrueba() :
SELECT * FROM Jornadas WHERE ( ( Prueba = 3 ) AND ( Cerrada=0 ) ) ORDER BY Numero ASC
[11-Feb-2014 22:34:27 Europe/Madrid] TRACE jornadaFunctions::searchByPrueba() : Leave
[11-Feb-2014 22:34:29 Europe/Madrid] TRACE jornadaFunctions::searchByPrueba() : Enter
[11-Feb-2014 22:34:29 Europe/Madrid] QUERY jornadaFunctions::searchByPrueba() :
SELECT count(*) FROM Jornadas WHERE ( ( Prueba = 0 ) AND ( Cerrada=0) )
[11-Feb-2014 22:34:29 Europe/Madrid] TRACE jornadaFunctions::searchByPrueba() : Leave
[11-Feb-2014 22:34:30 Europe/Madrid] TRACE mangaFunctions::selectByJornada() : Enter
[11-Feb-2014 22:34:30 Europe/Madrid] QUERY mangaFunctions::selectByJornada() :
SELECT count(*) FROM Mangas WHERE ( Jornada = 9 )
[11-Feb-2014 22:34:30 Europe/Madrid] QUERY mangaFunctions::selectByJornada() :
SELECT ID, Mangas.Tipo AS Tipo, Tipo_Manga.Descripcion AS Descripcion
			FROM Mangas,Tipo_Manga
			WHERE ( ( Jornada = 9 ) AND ( Mangas.Tipo = Tipo_Manga.Tipo) )
			ORDER BY Descripcion ASC
[11-Feb-2014 22:34:30 Europe/Madrid] TRACE mangaFunctions::selectByJornada() : Leave
[11-Feb-2014 22:34:34 Europe/Madrid] TRACE ordenSalidaFunctions::getData() : Enter
[11-Feb-2014 22:34:34 Europe/Madrid] TRACE ordenSalidaFunctions::getOrden() : Enter
[11-Feb-2014 22:34:34 Europe/Madrid] QUERY ordenSalidaFunctions::getOrden() :
SELECT Orden_Salida FROM Mangas WHERE ( ID=3 )
[11-Feb-2014 22:34:34 Europe/Madrid] TRACE ordenSalidaFunctions::getOrden() : Leave
[11-Feb-2014 22:34:34 Europe/Madrid] DEBUG ordenSalidaFunctions::getData() : El orden de salida actual es BEGIN,TAG_-0,TAG_-1,TAG_L0,578,558,574,33,579,227,TAG_L1,575,TAG_M0,577,563,404,564,414,TAG_M1,384,TAG_S0,496,585,500,TAG_S1,TAG_T0,TAG_T1,END
[11-Feb-2014 22:34:34 Europe/Madrid] QUERY ordenSalidaFunctions::getData() :
SELECT * FROM InscritosJornada WHERE ( Jornada=9 ) ORDER BY Categoria ASC , Celo ASC, Equipo, Orden
[11-Feb-2014 22:34:34 Europe/Madrid] QUERY resultadosFunctions::__construct() :
SELECT Jornada,Cerrada FROM Mangas WHERE ID=3
[11-Feb-2014 22:34:34 Europe/Madrid] QUERY ordenSalidaFunctions::getData() :
SELECT Grado FROM Mangas WHERE ( ID=3 )
[11-Feb-2014 22:34:34 Europe/Madrid] TRACE resultadosFunctions::enumerate() : Enter
[11-Feb-2014 22:34:34 Europe/Madrid] TRACE ordenSalidaFunctions::getData() : Leave
[11-Feb-2014 22:34:34 Europe/Madrid] TRACE clasificacionesFunctions::parcial() : Enter
[11-Feb-2014 22:34:34 Europe/Madrid] TRACE Competicion::getOrden() : Enter
[11-Feb-2014 22:34:34 Europe/Madrid] QUERY clasificacionesFunctions::parcial() :
CREATE TEMPORARY TABLE 3_SEk0hFj6 (
			`Dorsal` int(4) NOT NULL,
			`Categoria` varchar(1) NOT NULL DEFAULT '-',
			`PRecorrido` double NOT NULL DEFAULT '0',
			`PTiempo` double NOT NULL DEFAULT '0',
			`Tiempo` double NOT NULL DEFAULT '0',
			`Velocidad` double NOT NULL DEFAULT '0',
			`Puntos` double NOT NULL DEFAULT '0',
			`Calificacion` varchar(16) DEFAULT NULL,
			PRIMARY KEY ( `Dorsal` )
		)
[11-Feb-2014 22:34:34 Europe/Madrid] QUERY Competicion::getOrden() :
SELECT Orden_Salida FROM Mangas WHERE ( ID=3 )
[11-Feb-2014 22:34:34 Europe/Madrid] TRACE Competicion::getOrden() : Leave
[11-Feb-2014 22:34:34 Europe/Madrid] DEBUG resultadosFunctions::enumerate() : El orden de salida es: 
BEGIN,TAG_-0,TAG_-1,TAG_L0,578,558,574,33,579,227,TAG_L1,575,TAG_M0,577,563,404,564,414,TAG_M1,384,TAG_S0,496,585,500,TAG_S1,TAG_T0,TAG_T1,END
[11-Feb-2014 22:34:34 Europe/Madrid] QUERY resultadosFunctions::enumerate() :
SELECT * FROM Resultados WHERE (Manga=3)
[11-Feb-2014 22:34:34 Europe/Madrid] TRACE resultadosFunctions::enumerate() : Leave
[11-Feb-2014 22:34:34 Europe/Madrid] TRACE mangaFunctions::selectByID() : Enter
[11-Feb-2014 22:34:34 Europe/Madrid] QUERY mangaFunctions::selectByID() :
SELECT * FROM Mangas WHERE ( ID = 3 )
[11-Feb-2014 22:34:34 Europe/Madrid] TRACE mangaFunctions::selectByID() : Leave
[11-Feb-2014 22:34:34 Europe/Madrid] QUERY clasificacionesFunctions::parcial() :
INSERT INTO 3_SEk0hFj6 (Dorsal,Categoria,Tiempo,PRecorrido) 
			SELECT Dorsal,Categoria,Tiempo ( 5*Faltas + 5*Rehuses + 5*Tocados + 100*Eliminado + 200*NoPresentado ) AS PRecorrido
			FROM Clasificaciones WHERE ( Manga = )
[11-Feb-2014 22:34:34 Europe/Madrid] clasificacionesFunctions::parcial() Error at /home/jantonio/work/agility/git-localrepo/agility/database/clasificacionesFunctions.php:14:
You have an error in your SQL syntax; check the manual that corresponds to your MySQL server version for the right syntax to use near ')' at line 3
[11-Feb-2014 22:34:35 Europe/Madrid] TRACE juezFunctions::enumerate() : Enter
[11-Feb-2014 22:34:35 Europe/Madrid] QUERY juezFunctions::enumerate() :
SELECT count(*) FROM Jueces 
[11-Feb-2014 22:34:35 Europe/Madrid] QUERY juezFunctions::enumerate() :
SELECT * FROM Jueces  ORDER BY Nombre ASC
[11-Feb-2014 22:34:35 Europe/Madrid] TRACE juezFunctions::enumerate() : Leave
[11-Feb-2014 22:34:35 Europe/Madrid] TRACE juezFunctions::enumerate() : Enter
[11-Feb-2014 22:34:35 Europe/Madrid] QUERY juezFunctions::enumerate() :
SELECT count(*) FROM Jueces 
[11-Feb-2014 22:34:35 Europe/Madrid] QUERY juezFunctions::enumerate() :
SELECT * FROM Jueces  ORDER BY Nombre ASC
[11-Feb-2014 22:34:35 Europe/Madrid] TRACE juezFunctions::enumerate() : Leave
[11-Feb-2014 22:34:41 Europe/Madrid] TRACE clasificacionesFunctions::parcial() : Enter
[11-Feb-2014 22:34:41 Europe/Madrid] QUERY clasificacionesFunctions::parcial() :
CREATE TEMPORARY TABLE 3_A4Yiyjcr (
			`Dorsal` int(4) NOT NULL,
			`Categoria` varchar(1) NOT NULL DEFAULT '-',
			`PRecorrido` double NOT NULL DEFAULT '0',
			`PTiempo` double NOT NULL DEFAULT '0',
			`Tiempo` double NOT NULL DEFAULT '0',
			`Velocidad` double NOT NULL DEFAULT '0',
			`Puntos` double NOT NULL DEFAULT '0',
			`Calificacion` varchar(16) DEFAULT NULL,
			PRIMARY KEY ( `Dorsal` )
		)
[11-Feb-2014 22:34:41 Europe/Madrid] QUERY clasificacionesFunctions::parcial() :
INSERT INTO 3_A4Yiyjcr (Dorsal,Categoria,Tiempo,PRecorrido) 
			SELECT Dorsal,Categoria,Tiempo ( 5*Faltas + 5*Rehuses + 5*Tocados + 100*Eliminado + 200*NoPresentado ) AS PRecorrido
			FROM Clasificaciones WHERE ( Manga = )
[11-Feb-2014 22:34:41 Europe/Madrid] clasificacionesFunctions::parcial() Error at /home/jantonio/work/agility/git-localrepo/agility/database/clasificacionesFunctions.php:14:
You have an error in your SQL syntax; check the manual that corresponds to your MySQL server version for the right syntax to use near ')' at line 3
[11-Feb-2014 22:36:43 Europe/Madrid] TRACE clasificacionesFunctions::parcial() : Enter
[11-Feb-2014 22:36:43 Europe/Madrid] QUERY clasificacionesFunctions::parcial() :
CREATE TEMPORARY TABLE Manga_3_PKEuNxLf (
			`Dorsal` int(4) NOT NULL,
			`Categoria` varchar(1) NOT NULL DEFAULT '-',
			`PRecorrido` double NOT NULL DEFAULT '0',
			`PTiempo` double NOT NULL DEFAULT '0',
			`Tiempo` double NOT NULL DEFAULT '0',
			`Velocidad` double NOT NULL DEFAULT '0',
			`Puntos` double NOT NULL DEFAULT '0',
			`Calificacion` varchar(16) DEFAULT NULL,
			PRIMARY KEY ( `Dorsal` )
		)
[11-Feb-2014 22:36:43 Europe/Madrid] QUERY clasificacionesFunctions::parcial() :
INSERT INTO Manga_3_PKEuNxLf (Dorsal,Categoria,Tiempo,PRecorrido) 
			SELECT Dorsal,Categoria,Tiempo ( 5*Faltas + 5*Rehuses + 5*Tocados + 100*Eliminado + 200*NoPresentado ) AS PRecorrido
			FROM Clasificaciones WHERE ( Manga =3 )
[11-Feb-2014 22:36:43 Europe/Madrid] clasificacionesFunctions::parcial() Error at /home/jantonio/work/agility/git-localrepo/agility/database/clasificacionesFunctions.php:14:
Table 'agility.Clasificaciones' doesn't exist
[11-Feb-2014 22:37:18 Europe/Madrid] TRACE clasificacionesFunctions::parcial() : Enter
[11-Feb-2014 22:37:18 Europe/Madrid] QUERY clasificacionesFunctions::parcial() :
CREATE TEMPORARY TABLE Manga_3_TqrHXDMj (
			`Dorsal` int(4) NOT NULL,
			`Categoria` varchar(1) NOT NULL DEFAULT '-',
			`PRecorrido` double NOT NULL DEFAULT '0',
			`PTiempo` double NOT NULL DEFAULT '0',
			`Tiempo` double NOT NULL DEFAULT '0',
			`Velocidad` double NOT NULL DEFAULT '0',
			`Puntos` double NOT NULL DEFAULT '0',
			`Calificacion` varchar(16) DEFAULT NULL,
			PRIMARY KEY ( `Dorsal` )
		)
[11-Feb-2014 22:37:18 Europe/Madrid] QUERY clasificacionesFunctions::parcial() :
INSERT INTO Manga_3_TqrHXDMj (Dorsal,Categoria,Tiempo,PRecorrido) 
			SELECT Dorsal,Categoria,Tiempo ( 5*Faltas + 5*Rehuses + 5*Tocados + 100*Eliminado + 200*NoPresentado ) AS PRecorrido
			FROM Resultados WHERE ( Manga =3 )
[11-Feb-2014 22:37:18 Europe/Madrid] clasificacionesFunctions::parcial() Error at /home/jantonio/work/agility/git-localrepo/agility/database/clasificacionesFunctions.php:14:
FUNCTION agility.Tiempo does not exist
[11-Feb-2014 22:41:17 Europe/Madrid] TRACE clasificacionesFunctions::parcial() : Enter
[11-Feb-2014 22:41:17 Europe/Madrid] QUERY clasificacionesFunctions::parcial() :
CREATE TEMPORARY TABLE Manga_3_fFl72SPy (
			`Dorsal` int(4) NOT NULL,
			`Categoria` varchar(1) NOT NULL DEFAULT '-',
			`PRecorrido` double NOT NULL DEFAULT '0',
			`PTiempo` double NOT NULL DEFAULT '0',
			`Tiempo` double NOT NULL DEFAULT '0',
			`Velocidad` double NOT NULL DEFAULT '0',
			`Puntos` double NOT NULL DEFAULT '0',
			`Calificacion` varchar(16) DEFAULT NULL,
			PRIMARY KEY ( `Dorsal` )
		)
[11-Feb-2014 22:41:17 Europe/Madrid] QUERY clasificacionesFunctions::parcial() :
INSERT INTO Manga_3_fFl72SPy (Dorsal,Categoria,Tiempo,PRecorrido) 
			SELECT Dorsal,Categoria,Tiempo, ( 5*Faltas + 5*Rehuses + 5*Tocados + 100*Eliminado + 200*NoPresentado ) AS PRecorrido
			FROM Resultados WHERE ( Manga =3 )
[11-Feb-2014 22:41:17 Europe/Madrid] QUERY clasificacionesFunctions::parcial() :
SELECT * FROM Manga_3_fFl72SPy ORDER BY Categoria ASC , PRecorrido ASC , Tiempo ASC 
[11-Feb-2014 22:41:17 Europe/Madrid] PHP Fatal error:  Cannot use object of type stdClass as array in /home/jantonio/work/agility/git-localrepo/agility/database/classes/Clasificaciones.php on line 82
[11-Feb-2014 22:44:26 Europe/Madrid] TRACE clasificacionesFunctions::parcial() : Enter
[11-Feb-2014 22:44:26 Europe/Madrid] QUERY clasificacionesFunctions::parcial() :
CREATE TEMPORARY TABLE Manga_3_07pjKNz3 (
			`Dorsal` int(4) NOT NULL,
			`Categoria` varchar(1) NOT NULL DEFAULT '-',
			`PRecorrido` double NOT NULL DEFAULT '0',
			`PTiempo` double NOT NULL DEFAULT '0',
			`Tiempo` double NOT NULL DEFAULT '0',
			`Velocidad` double NOT NULL DEFAULT '0',
			`Puntos` double NOT NULL DEFAULT '0',
			`Calificacion` varchar(16) DEFAULT NULL,
			PRIMARY KEY ( `Dorsal` )
		)
[11-Feb-2014 22:44:26 Europe/Madrid] QUERY clasificacionesFunctions::parcial() :
INSERT INTO Manga_3_07pjKNz3 (Dorsal,Categoria,Tiempo,PRecorrido) 
			SELECT Dorsal,Categoria,Tiempo, ( 5*Faltas + 5*Rehuses + 5*Tocados + 100*Eliminado + 200*NoPresentado ) AS PRecorrido
			FROM Resultados WHERE ( Manga =3 )
[11-Feb-2014 22:44:26 Europe/Madrid] QUERY clasificacionesFunctions::parcial() :
SELECT * FROM Manga_3_07pjKNz3 ORDER BY Categoria ASC , PRecorrido ASC , Tiempo ASC 
[11-Feb-2014 22:44:26 Europe/Madrid] TRACE clasificacionesFunctions::getJornada() : Leave
[11-Feb-2014 22:44:26 Europe/Madrid] QUERY clasificacionesFunctions::getJornada() :
SELECT Jornada FROM Mangas WHERE ID=3
[11-Feb-2014 22:44:26 Europe/Madrid] TRACE clasificacionesFunctions::getJornada() : Leave
[11-Feb-2014 22:44:26 Europe/Madrid] TRACE Clasificaciones.php::datosTRS() : Enter
[11-Feb-2014 22:44:26 Europe/Madrid] TRACE Clasificaciones.php::selectByID() : Enter
[11-Feb-2014 22:44:26 Europe/Madrid] QUERY Clasificaciones.php::selectByID() :
SELECT * FROM Mangas WHERE ( ID = 3 )
[11-Feb-2014 22:44:26 Europe/Madrid] TRACE Clasificaciones.php::selectByID() : Leave
[11-Feb-2014 22:44:26 Europe/Madrid] TRACE Clasificaciones.php::datosTRS() : Leave
[11-Feb-2014 22:44:26 Europe/Madrid] clasificacionesFunctions::parcial() Error at /home/jantonio/work/agility/git-localrepo/agility/database/clasificacionesFunctions.php:14:
You have an error in your SQL syntax; check the manual that corresponds to your MySQL server version for the right syntax to use near 'Calificacion='?' WHERE ( Dorsal=? )' at line 1
[11-Feb-2014 22:45:09 Europe/Madrid] TRACE clasificacionesFunctions::parcial() : Enter
[11-Feb-2014 22:45:09 Europe/Madrid] QUERY clasificacionesFunctions::parcial() :
CREATE TEMPORARY TABLE Manga_3_6CkJcMHR (
			`Dorsal` int(4) NOT NULL,
			`Categoria` varchar(1) NOT NULL DEFAULT '-',
			`PRecorrido` double NOT NULL DEFAULT '0',
			`PTiempo` double NOT NULL DEFAULT '0',
			`Tiempo` double NOT NULL DEFAULT '0',
			`Velocidad` double NOT NULL DEFAULT '0',
			`Puntos` double NOT NULL DEFAULT '0',
			`Calificacion` varchar(16) DEFAULT NULL,
			PRIMARY KEY ( `Dorsal` )
		)
[11-Feb-2014 22:45:09 Europe/Madrid] QUERY clasificacionesFunctions::parcial() :
INSERT INTO Manga_3_6CkJcMHR (Dorsal,Categoria,Tiempo,PRecorrido) 
			SELECT Dorsal,Categoria,Tiempo, ( 5*Faltas + 5*Rehuses + 5*Tocados + 100*Eliminado + 200*NoPresentado ) AS PRecorrido
			FROM Resultados WHERE ( Manga =3 )
[11-Feb-2014 22:45:09 Europe/Madrid] QUERY clasificacionesFunctions::parcial() :
SELECT * FROM Manga_3_6CkJcMHR ORDER BY Categoria ASC , PRecorrido ASC , Tiempo ASC 
[11-Feb-2014 22:45:09 Europe/Madrid] TRACE clasificacionesFunctions::getJornada() : Leave
[11-Feb-2014 22:45:09 Europe/Madrid] QUERY clasificacionesFunctions::getJornada() :
SELECT Jornada FROM Mangas WHERE ID=3
[11-Feb-2014 22:45:09 Europe/Madrid] TRACE clasificacionesFunctions::getJornada() : Leave
[11-Feb-2014 22:45:09 Europe/Madrid] TRACE Clasificaciones.php::datosTRS() : Enter
[11-Feb-2014 22:45:09 Europe/Madrid] TRACE Clasificaciones.php::selectByID() : Enter
[11-Feb-2014 22:45:09 Europe/Madrid] QUERY Clasificaciones.php::selectByID() :
SELECT * FROM Mangas WHERE ( ID = 3 )
[11-Feb-2014 22:45:09 Europe/Madrid] TRACE Clasificaciones.php::selectByID() : Leave
[11-Feb-2014 22:45:09 Europe/Madrid] TRACE Clasificaciones.php::datosTRS() : Leave
[11-Feb-2014 22:45:09 Europe/Madrid] PHP Warning:  mysqli_stmt::bind_param(): Number of variables doesn't match number of parameters in prepared statement in /home/jantonio/work/agility/git-localrepo/agility/database/classes/Clasificaciones.php on line 98
[11-Feb-2014 22:45:09 Europe/Madrid] clasificacionesFunctions::parcial() Error at /home/jantonio/work/agility/git-localrepo/agility/database/clasificacionesFunctions.php:14:

[11-Feb-2014 22:49:11 Europe/Madrid] TRACE clasificacionesFunctions::parcial() : Enter
[11-Feb-2014 22:49:11 Europe/Madrid] QUERY clasificacionesFunctions::parcial() :
CREATE TEMPORARY TABLE Manga_3_Xb64Wv1L (
			`Dorsal` int(4) NOT NULL,
			`Categoria` varchar(1) NOT NULL DEFAULT '-',
			`PRecorrido` double NOT NULL DEFAULT '0',
			`PTiempo` double NOT NULL DEFAULT '0',
			`Tiempo` double NOT NULL DEFAULT '0',
			`Velocidad` double NOT NULL DEFAULT '0',
			`Puntos` double NOT NULL DEFAULT '0',
			`Calificacion` varchar(16) DEFAULT NULL,
			PRIMARY KEY ( `Dorsal` )
		)
[11-Feb-2014 22:49:12 Europe/Madrid] QUERY clasificacionesFunctions::parcial() :
INSERT INTO Manga_3_Xb64Wv1L (Dorsal,Categoria,Tiempo,PRecorrido) 
			SELECT Dorsal,Categoria,Tiempo, ( 5*Faltas + 5*Rehuses + 5*Tocados + 100*Eliminado + 200*NoPresentado ) AS PRecorrido
			FROM Resultados WHERE ( Manga =3 )
[11-Feb-2014 22:49:12 Europe/Madrid] QUERY clasificacionesFunctions::parcial() :
SELECT * FROM Manga_3_Xb64Wv1L ORDER BY Categoria ASC , PRecorrido ASC , Tiempo ASC 
[11-Feb-2014 22:49:12 Europe/Madrid] TRACE clasificacionesFunctions::getJornada() : Leave
[11-Feb-2014 22:49:12 Europe/Madrid] QUERY clasificacionesFunctions::getJornada() :
SELECT Jornada FROM Mangas WHERE ID=3
[11-Feb-2014 22:49:12 Europe/Madrid] TRACE clasificacionesFunctions::getJornada() : Leave
[11-Feb-2014 22:49:12 Europe/Madrid] TRACE Clasificaciones.php::datosTRS() : Enter
[11-Feb-2014 22:49:12 Europe/Madrid] TRACE Clasificaciones.php::selectByID() : Enter
[11-Feb-2014 22:49:12 Europe/Madrid] QUERY Clasificaciones.php::selectByID() :
SELECT * FROM Mangas WHERE ( ID = 3 )
[11-Feb-2014 22:49:12 Europe/Madrid] TRACE Clasificaciones.php::selectByID() : Leave
[11-Feb-2014 22:49:12 Europe/Madrid] TRACE Clasificaciones.php::datosTRS() : Leave
[11-Feb-2014 22:49:12 Europe/Madrid] PHP Warning:  mysqli_stmt::bind_param(): Number of variables doesn't match number of parameters in prepared statement in /home/jantonio/work/agility/git-localrepo/agility/database/classes/Clasificaciones.php on line 98
[11-Feb-2014 22:49:12 Europe/Madrid] clasificacionesFunctions::parcial() Error at /home/jantonio/work/agility/git-localrepo/agility/database/clasificacionesFunctions.php:14:

[11-Feb-2014 22:54:27 Europe/Madrid] TRACE clasificacionesFunctions::parcial() : Enter
[11-Feb-2014 22:54:27 Europe/Madrid] QUERY clasificacionesFunctions::parcial() :
CREATE TEMPORARY TABLE Manga_3_Zspyti85 (
			`Dorsal` int(4) NOT NULL,
			`Categoria` varchar(1) NOT NULL DEFAULT '-',
			`PRecorrido` double NOT NULL DEFAULT '0',
			`PTiempo` double NOT NULL DEFAULT '0',
			`Tiempo` double NOT NULL DEFAULT '0',
			`Velocidad` double NOT NULL DEFAULT '0',
			`Puntos` double NOT NULL DEFAULT '0',
			`Calificacion` varchar(16) DEFAULT NULL,
			PRIMARY KEY ( `Dorsal` )
		)
[11-Feb-2014 22:54:27 Europe/Madrid] QUERY clasificacionesFunctions::parcial() :
INSERT INTO Manga_3_Zspyti85 (Dorsal,Categoria,Tiempo,PRecorrido) 
			SELECT Dorsal,Categoria,Tiempo, ( 5*Faltas + 5*Rehuses + 5*Tocados + 100*Eliminado + 200*NoPresentado ) AS PRecorrido
			FROM Resultados WHERE ( Manga =3 )
[11-Feb-2014 22:54:27 Europe/Madrid] QUERY clasificacionesFunctions::parcial() :
SELECT * FROM Manga_3_Zspyti85 ORDER BY Categoria ASC , PRecorrido ASC , Tiempo ASC 
[11-Feb-2014 22:54:27 Europe/Madrid] TRACE clasificacionesFunctions::getJornada() : Leave
[11-Feb-2014 22:54:27 Europe/Madrid] QUERY clasificacionesFunctions::getJornada() :
SELECT Jornada FROM Mangas WHERE ID=3
[11-Feb-2014 22:54:27 Europe/Madrid] TRACE clasificacionesFunctions::getJornada() : Leave
[11-Feb-2014 22:54:27 Europe/Madrid] TRACE Clasificaciones.php::datosTRS() : Enter
[11-Feb-2014 22:54:27 Europe/Madrid] TRACE Clasificaciones.php::selectByID() : Enter
[11-Feb-2014 22:54:27 Europe/Madrid] QUERY Clasificaciones.php::selectByID() :
SELECT * FROM Mangas WHERE ( ID = 3 )
[11-Feb-2014 22:54:27 Europe/Madrid] TRACE Clasificaciones.php::selectByID() : Leave
[11-Feb-2014 22:54:27 Europe/Madrid] TRACE Clasificaciones.php::datosTRS() : Leave
[11-Feb-2014 22:54:27 Europe/Madrid] PHP Fatal error:  Cannot use object of type stdClass as array in /home/jantonio/work/agility/git-localrepo/agility/database/classes/Clasificaciones.php on line 102
[11-Feb-2014 22:56:43 Europe/Madrid] TRACE clasificacionesFunctions::parcial() : Enter
[11-Feb-2014 22:56:43 Europe/Madrid] QUERY clasificacionesFunctions::parcial() :
CREATE TEMPORARY TABLE Manga_3_Xpt7ZP6V (
			`Dorsal` int(4) NOT NULL,
			`Categoria` varchar(1) NOT NULL DEFAULT '-',
			`PRecorrido` double NOT NULL DEFAULT '0',
			`PTiempo` double NOT NULL DEFAULT '0',
			`Tiempo` double NOT NULL DEFAULT '0',
			`Velocidad` double NOT NULL DEFAULT '0',
			`Puntos` double NOT NULL DEFAULT '0',
			`Calificacion` varchar(16) DEFAULT NULL,
			PRIMARY KEY ( `Dorsal` )
		)
[11-Feb-2014 22:56:43 Europe/Madrid] QUERY clasificacionesFunctions::parcial() :
INSERT INTO Manga_3_Xpt7ZP6V (Dorsal,Categoria,Tiempo,PRecorrido) 
			SELECT Dorsal,Categoria,Tiempo, ( 5*Faltas + 5*Rehuses + 5*Tocados + 100*Eliminado + 200*NoPresentado ) AS PRecorrido
			FROM Resultados WHERE ( Manga =3 )
[11-Feb-2014 22:56:43 Europe/Madrid] QUERY clasificacionesFunctions::parcial() :
SELECT * FROM Manga_3_Xpt7ZP6V ORDER BY Categoria ASC , PRecorrido ASC , Tiempo ASC 
[11-Feb-2014 22:56:43 Europe/Madrid] TRACE clasificacionesFunctions::getJornada() : Leave
[11-Feb-2014 22:56:43 Europe/Madrid] QUERY clasificacionesFunctions::getJornada() :
SELECT Jornada FROM Mangas WHERE ID=3
[11-Feb-2014 22:56:43 Europe/Madrid] TRACE clasificacionesFunctions::getJornada() : Leave
[11-Feb-2014 22:56:43 Europe/Madrid] TRACE Clasificaciones.php::datosTRS() : Enter
[11-Feb-2014 22:56:43 Europe/Madrid] TRACE Clasificaciones.php::selectByID() : Enter
[11-Feb-2014 22:56:43 Europe/Madrid] QUERY Clasificaciones.php::selectByID() :
SELECT * FROM Mangas WHERE ( ID = 3 )
[11-Feb-2014 22:56:43 Europe/Madrid] TRACE Clasificaciones.php::selectByID() : Leave
[11-Feb-2014 22:56:43 Europe/Madrid] TRACE Clasificaciones.php::datosTRS() : Leave
[11-Feb-2014 22:56:44 Europe/Madrid] QUERY clasificacionesFunctions::parcial() :
SELECT Manga, Resultados.Dorsal AS Dorsal, Nombre, Licencia, Resultados.Categoria AS Categoria, Guia, Club,
				Faltas, Rehuses, Tocados, Resultados.Tiempo AS Tiempo, Velocidad, Puntos, Calificacion
				FROM Resultados,Manga_3_Xpt7ZP6V
				WHERE ( Resultados.Dorsal = Manga_3_Xpt7ZP6V.Dorsal )
				ORDER BY Categoria ASC, Puntos ASC, Tiempo ASC
[11-Feb-2014 22:56:44 Europe/Madrid] TRACE clasificacionesFunctions::parcial() : Leave
[11-Feb-2014 23:01:56 Europe/Madrid] TRACE jornadaFunctions::searchByPrueba() : Enter
[11-Feb-2014 23:01:56 Europe/Madrid] TRACE pruebaFunctions::enumerate() : Enter
[11-Feb-2014 23:01:56 Europe/Madrid] QUERY jornadaFunctions::searchByPrueba() :
SELECT count(*) FROM Jornadas WHERE ( ( Prueba = 0 ) AND ( Cerrada=0) )
[11-Feb-2014 23:01:56 Europe/Madrid] QUERY pruebaFunctions::enumerate() :
SELECT count(*) FROM Pruebas WHERE ( Cerrada=0 ) 
[11-Feb-2014 23:01:56 Europe/Madrid] QUERY pruebaFunctions::enumerate() :
SELECT * FROM Pruebas WHERE (Cerrada=0)  ORDER BY Nombre ASC
[11-Feb-2014 23:01:56 Europe/Madrid] TRACE jornadaFunctions::searchByPrueba() : Leave
[11-Feb-2014 23:01:56 Europe/Madrid] TRACE pruebaFunctions::enumerate() : Leave
[11-Feb-2014 23:01:58 Europe/Madrid] TRACE jornadaFunctions::searchByPrueba() : Enter
[11-Feb-2014 23:01:58 Europe/Madrid] QUERY jornadaFunctions::searchByPrueba() :
SELECT count(*) FROM Jornadas WHERE ( ( Prueba = 3 ) AND ( Cerrada=0) )
[11-Feb-2014 23:01:58 Europe/Madrid] QUERY jornadaFunctions::searchByPrueba() :
SELECT * FROM Jornadas WHERE ( ( Prueba = 3 ) AND ( Cerrada=0 ) ) ORDER BY Numero ASC
[11-Feb-2014 23:01:58 Europe/Madrid] TRACE jornadaFunctions::searchByPrueba() : Leave
[11-Feb-2014 23:02:01 Europe/Madrid] TRACE jornadaFunctions::searchByPrueba() : Enter
[11-Feb-2014 23:02:01 Europe/Madrid] QUERY jornadaFunctions::searchByPrueba() :
SELECT count(*) FROM Jornadas WHERE ( ( Prueba = 0 ) AND ( Cerrada=0) )
[11-Feb-2014 23:02:01 Europe/Madrid] TRACE jornadaFunctions::searchByPrueba() : Leave
[11-Feb-2014 23:02:01 Europe/Madrid] TRACE mangaFunctions::selectByJornada() : Enter
[11-Feb-2014 23:02:01 Europe/Madrid] QUERY mangaFunctions::selectByJornada() :
SELECT count(*) FROM Mangas WHERE ( Jornada = 9 )
[11-Feb-2014 23:02:01 Europe/Madrid] QUERY mangaFunctions::selectByJornada() :
SELECT ID, Mangas.Tipo AS Tipo, Tipo_Manga.Descripcion AS Descripcion
			FROM Mangas,Tipo_Manga
			WHERE ( ( Jornada = 9 ) AND ( Mangas.Tipo = Tipo_Manga.Tipo) )
			ORDER BY Descripcion ASC
[11-Feb-2014 23:02:01 Europe/Madrid] TRACE mangaFunctions::selectByJornada() : Leave
[11-Feb-2014 23:02:04 Europe/Madrid] TRACE ordenSalidaFunctions::getData() : Enter
[11-Feb-2014 23:02:04 Europe/Madrid] QUERY resultadosFunctions::__construct() :
SELECT Jornada,Cerrada FROM Mangas WHERE ID=3
[11-Feb-2014 23:02:04 Europe/Madrid] TRACE ordenSalidaFunctions::getOrden() : Enter
[11-Feb-2014 23:02:04 Europe/Madrid] QUERY ordenSalidaFunctions::getOrden() :
SELECT Orden_Salida FROM Mangas WHERE ( ID=3 )
[11-Feb-2014 23:02:04 Europe/Madrid] TRACE resultadosFunctions::enumerate() : Enter
[11-Feb-2014 23:02:04 Europe/Madrid] TRACE ordenSalidaFunctions::getOrden() : Leave
[11-Feb-2014 23:02:04 Europe/Madrid] DEBUG ordenSalidaFunctions::getData() : El orden de salida actual es BEGIN,TAG_-0,TAG_-1,TAG_L0,578,558,574,33,579,227,TAG_L1,575,TAG_M0,577,563,404,564,414,TAG_M1,384,TAG_S0,496,585,500,TAG_S1,TAG_T0,TAG_T1,END
[11-Feb-2014 23:02:04 Europe/Madrid] TRACE clasificacionesFunctions::parcial() : Enter
[11-Feb-2014 23:02:04 Europe/Madrid] QUERY ordenSalidaFunctions::getData() :
SELECT * FROM InscritosJornada WHERE ( Jornada=9 ) ORDER BY Categoria ASC , Celo ASC, Equipo, Orden
[11-Feb-2014 23:02:04 Europe/Madrid] QUERY clasificacionesFunctions::parcial() :
CREATE TEMPORARY TABLE Manga_3_JnvwUZh8 (
			`Dorsal` int(4) NOT NULL,
			`Categoria` varchar(1) NOT NULL DEFAULT '-',
			`PRecorrido` double NOT NULL DEFAULT '0',
			`PTiempo` double NOT NULL DEFAULT '0',
			`Tiempo` double NOT NULL DEFAULT '0',
			`Velocidad` double NOT NULL DEFAULT '0',
			`Puntos` double NOT NULL DEFAULT '0',
			`Calificacion` varchar(16) DEFAULT NULL,
			PRIMARY KEY ( `Dorsal` )
		)
[11-Feb-2014 23:02:04 Europe/Madrid] TRACE Competicion::getOrden() : Enter
[11-Feb-2014 23:02:04 Europe/Madrid] QUERY Competicion::getOrden() :
SELECT Orden_Salida FROM Mangas WHERE ( ID=3 )
[11-Feb-2014 23:02:04 Europe/Madrid] TRACE Competicion::getOrden() : Leave
[11-Feb-2014 23:02:04 Europe/Madrid] DEBUG resultadosFunctions::enumerate() : El orden de salida es: 
BEGIN,TAG_-0,TAG_-1,TAG_L0,578,558,574,33,579,227,TAG_L1,575,TAG_M0,577,563,404,564,414,TAG_M1,384,TAG_S0,496,585,500,TAG_S1,TAG_T0,TAG_T1,END
[11-Feb-2014 23:02:04 Europe/Madrid] QUERY resultadosFunctions::enumerate() :
SELECT * FROM Resultados WHERE (Manga=3)
[11-Feb-2014 23:02:04 Europe/Madrid] QUERY ordenSalidaFunctions::getData() :
SELECT Grado FROM Mangas WHERE ( ID=3 )
[11-Feb-2014 23:02:04 Europe/Madrid] TRACE resultadosFunctions::enumerate() : Leave
[11-Feb-2014 23:02:04 Europe/Madrid] TRACE ordenSalidaFunctions::getData() : Leave
[11-Feb-2014 23:02:04 Europe/Madrid] TRACE mangaFunctions::selectByID() : Enter
[11-Feb-2014 23:02:04 Europe/Madrid] QUERY mangaFunctions::selectByID() :
SELECT * FROM Mangas WHERE ( ID = 3 )
[11-Feb-2014 23:02:04 Europe/Madrid] TRACE mangaFunctions::selectByID() : Leave
[11-Feb-2014 23:02:04 Europe/Madrid] QUERY clasificacionesFunctions::parcial() :
INSERT INTO Manga_3_JnvwUZh8 (Dorsal,Categoria,Tiempo,PRecorrido) 
			SELECT Dorsal,Categoria,Tiempo, ( 5*Faltas + 5*Rehuses + 5*Tocados + 100*Eliminado + 200*NoPresentado ) AS PRecorrido
			FROM Resultados WHERE ( Manga =3 )
[11-Feb-2014 23:02:04 Europe/Madrid] QUERY clasificacionesFunctions::parcial() :
SELECT * FROM Manga_3_JnvwUZh8 ORDER BY Categoria ASC , PRecorrido ASC , Tiempo ASC 
[11-Feb-2014 23:02:04 Europe/Madrid] TRACE clasificacionesFunctions::getJornada() : Leave
[11-Feb-2014 23:02:04 Europe/Madrid] QUERY clasificacionesFunctions::getJornada() :
SELECT Jornada FROM Mangas WHERE ID=3
[11-Feb-2014 23:02:04 Europe/Madrid] TRACE clasificacionesFunctions::getJornada() : Leave
[11-Feb-2014 23:02:04 Europe/Madrid] TRACE Clasificaciones.php::datosTRS() : Enter
[11-Feb-2014 23:02:04 Europe/Madrid] TRACE Clasificaciones.php::selectByID() : Enter
[11-Feb-2014 23:02:04 Europe/Madrid] QUERY Clasificaciones.php::selectByID() :
SELECT * FROM Mangas WHERE ( ID = 3 )
[11-Feb-2014 23:02:04 Europe/Madrid] TRACE Clasificaciones.php::selectByID() : Leave
[11-Feb-2014 23:02:04 Europe/Madrid] TRACE Clasificaciones.php::datosTRS() : Leave
[11-Feb-2014 23:02:04 Europe/Madrid] TRACE juezFunctions::enumerate() : Enter
[11-Feb-2014 23:02:04 Europe/Madrid] QUERY juezFunctions::enumerate() :
SELECT count(*) FROM Jueces 
[11-Feb-2014 23:02:04 Europe/Madrid] QUERY juezFunctions::enumerate() :
SELECT * FROM Jueces  ORDER BY Nombre ASC
[11-Feb-2014 23:02:04 Europe/Madrid] TRACE juezFunctions::enumerate() : Leave
[11-Feb-2014 23:02:04 Europe/Madrid] TRACE juezFunctions::enumerate() : Enter
[11-Feb-2014 23:02:04 Europe/Madrid] QUERY juezFunctions::enumerate() :
SELECT count(*) FROM Jueces 
[11-Feb-2014 23:02:04 Europe/Madrid] QUERY juezFunctions::enumerate() :
SELECT * FROM Jueces  ORDER BY Nombre ASC
[11-Feb-2014 23:02:04 Europe/Madrid] TRACE juezFunctions::enumerate() : Leave
[11-Feb-2014 23:02:05 Europe/Madrid] QUERY clasificacionesFunctions::parcial() :
SELECT Manga, Resultados.Dorsal AS Dorsal, Nombre, Licencia, Resultados.Categoria AS Categoria, Guia, Club,
				Faltas, Rehuses, Tocados, Resultados.Tiempo AS Tiempo, Velocidad, Puntos, Calificacion
				FROM Resultados,Manga_3_JnvwUZh8
				WHERE ( Resultados.Dorsal = Manga_3_JnvwUZh8.Dorsal )
				ORDER BY Categoria ASC, Puntos ASC, Tiempo ASC
[11-Feb-2014 23:02:05 Europe/Madrid] TRACE clasificacionesFunctions::parcial() : Leave
[11-Feb-2014 23:02:06 Europe/Madrid] TRACE clasificacionesFunctions::parcial() : Enter
[11-Feb-2014 23:02:06 Europe/Madrid] QUERY clasificacionesFunctions::parcial() :
CREATE TEMPORARY TABLE Manga_3_0fO1SejI (
			`Dorsal` int(4) NOT NULL,
			`Categoria` varchar(1) NOT NULL DEFAULT '-',
			`PRecorrido` double NOT NULL DEFAULT '0',
			`PTiempo` double NOT NULL DEFAULT '0',
			`Tiempo` double NOT NULL DEFAULT '0',
			`Velocidad` double NOT NULL DEFAULT '0',
			`Puntos` double NOT NULL DEFAULT '0',
			`Calificacion` varchar(16) DEFAULT NULL,
			PRIMARY KEY ( `Dorsal` )
		)
[11-Feb-2014 23:02:06 Europe/Madrid] QUERY clasificacionesFunctions::parcial() :
INSERT INTO Manga_3_0fO1SejI (Dorsal,Categoria,Tiempo,PRecorrido) 
			SELECT Dorsal,Categoria,Tiempo, ( 5*Faltas + 5*Rehuses + 5*Tocados + 100*Eliminado + 200*NoPresentado ) AS PRecorrido
			FROM Resultados WHERE ( Manga =3 )
[11-Feb-2014 23:02:06 Europe/Madrid] QUERY clasificacionesFunctions::parcial() :
SELECT * FROM Manga_3_0fO1SejI ORDER BY Categoria ASC , PRecorrido ASC , Tiempo ASC 
[11-Feb-2014 23:02:06 Europe/Madrid] TRACE clasificacionesFunctions::getJornada() : Leave
[11-Feb-2014 23:02:06 Europe/Madrid] QUERY clasificacionesFunctions::getJornada() :
SELECT Jornada FROM Mangas WHERE ID=3
[11-Feb-2014 23:02:06 Europe/Madrid] TRACE clasificacionesFunctions::getJornada() : Leave
[11-Feb-2014 23:02:06 Europe/Madrid] TRACE Clasificaciones.php::datosTRS() : Enter
[11-Feb-2014 23:02:06 Europe/Madrid] TRACE Clasificaciones.php::selectByID() : Enter
[11-Feb-2014 23:02:06 Europe/Madrid] QUERY Clasificaciones.php::selectByID() :
SELECT * FROM Mangas WHERE ( ID = 3 )
[11-Feb-2014 23:02:06 Europe/Madrid] TRACE Clasificaciones.php::selectByID() : Leave
[11-Feb-2014 23:02:06 Europe/Madrid] TRACE Clasificaciones.php::datosTRS() : Leave
[11-Feb-2014 23:02:07 Europe/Madrid] QUERY clasificacionesFunctions::parcial() :
SELECT Manga, Resultados.Dorsal AS Dorsal, Nombre, Licencia, Resultados.Categoria AS Categoria, Guia, Club,
				Faltas, Rehuses, Tocados, Resultados.Tiempo AS Tiempo, Velocidad, Puntos, Calificacion
				FROM Resultados,Manga_3_0fO1SejI
				WHERE ( Resultados.Dorsal = Manga_3_0fO1SejI.Dorsal )
				ORDER BY Categoria ASC, Puntos ASC, Tiempo ASC
[11-Feb-2014 23:02:07 Europe/Madrid] TRACE clasificacionesFunctions::parcial() : Leave
[11-Feb-2014 23:12:36 Europe/Madrid] TRACE clasificacionesFunctions::parcial() : Enter
[11-Feb-2014 23:12:36 Europe/Madrid] QUERY clasificacionesFunctions::parcial() :
CREATE TEMPORARY TABLE Manga_3_OwRFSDAg (
			`Dorsal` int(4) NOT NULL,
			`Categoria` varchar(1) NOT NULL DEFAULT '-',
			`PRecorrido` double NOT NULL DEFAULT '0',
			`PTiempo` double NOT NULL DEFAULT '0',
			`Tiempo` double NOT NULL DEFAULT '0',
			`Velocidad` double NOT NULL DEFAULT '0',
			`Puntos` double NOT NULL DEFAULT '0',
			`Calificacion` varchar(16) DEFAULT NULL,
			PRIMARY KEY ( `Dorsal` )
		)
[11-Feb-2014 23:12:36 Europe/Madrid] QUERY clasificacionesFunctions::parcial() :
INSERT INTO Manga_3_OwRFSDAg (Dorsal,Categoria,Tiempo,PRecorrido) 
			SELECT Dorsal,Categoria,Tiempo, ( 5*Faltas + 5*Rehuses + 5*Tocados + 100*Eliminado + 200*NoPresentado ) AS PRecorrido
			FROM Resultados WHERE ( Manga =3 )
[11-Feb-2014 23:12:36 Europe/Madrid] QUERY clasificacionesFunctions::parcial() :
SELECT * FROM Manga_3_OwRFSDAg ORDER BY Categoria ASC , PRecorrido ASC , Tiempo ASC 
[11-Feb-2014 23:12:36 Europe/Madrid] TRACE clasificacionesFunctions::getJornada() : Leave
[11-Feb-2014 23:12:36 Europe/Madrid] QUERY clasificacionesFunctions::getJornada() :
SELECT Jornada FROM Mangas WHERE ID=3
[11-Feb-2014 23:12:36 Europe/Madrid] TRACE clasificacionesFunctions::getJornada() : Leave
[11-Feb-2014 23:12:36 Europe/Madrid] TRACE Clasificaciones.php::datosTRS() : Enter
[11-Feb-2014 23:12:36 Europe/Madrid] TRACE Clasificaciones.php::selectByID() : Enter
[11-Feb-2014 23:12:36 Europe/Madrid] QUERY Clasificaciones.php::selectByID() :
SELECT * FROM Mangas WHERE ( ID = 3 )
[11-Feb-2014 23:12:36 Europe/Madrid] TRACE Clasificaciones.php::selectByID() : Leave
[11-Feb-2014 23:12:36 Europe/Madrid] TRACE Clasificaciones.php::datosTRS() : Leave
[11-Feb-2014 23:12:37 Europe/Madrid] QUERY clasificacionesFunctions::parcial() :
SELECT Manga, Resultados.Dorsal AS Dorsal, Nombre, Licencia, Resultados.Categoria AS Categoria, Guia, Club,
				Faltas, Rehuses, Tocados, Resultados.Tiempo AS Tiempo, Velocidad, Puntos, Calificacion
				FROM Resultados,Manga_3_OwRFSDAg
				WHERE ( Resultados.Dorsal = Manga_3_OwRFSDAg.Dorsal )
				ORDER BY Categoria ASC, Puntos ASC, Tiempo ASC
[11-Feb-2014 23:12:37 Europe/Madrid] TRACE clasificacionesFunctions::parcial() : Leave
[11-Feb-2014 23:12:47 Europe/Madrid] TRACE jornadaFunctions::searchByPrueba() : Enter
[11-Feb-2014 23:12:47 Europe/Madrid] TRACE pruebaFunctions::enumerate() : Enter
[11-Feb-2014 23:12:47 Europe/Madrid] QUERY pruebaFunctions::enumerate() :
SELECT count(*) FROM Pruebas WHERE ( Cerrada=0 ) 
[11-Feb-2014 23:12:47 Europe/Madrid] QUERY jornadaFunctions::searchByPrueba() :
SELECT count(*) FROM Jornadas WHERE ( ( Prueba = 0 ) AND ( Cerrada=0) )
[11-Feb-2014 23:12:47 Europe/Madrid] TRACE jornadaFunctions::searchByPrueba() : Leave
[11-Feb-2014 23:12:47 Europe/Madrid] QUERY pruebaFunctions::enumerate() :
SELECT * FROM Pruebas WHERE (Cerrada=0)  ORDER BY Nombre ASC
[11-Feb-2014 23:12:47 Europe/Madrid] TRACE pruebaFunctions::enumerate() : Leave
[11-Feb-2014 23:12:49 Europe/Madrid] TRACE jornadaFunctions::searchByPrueba() : Enter
[11-Feb-2014 23:12:49 Europe/Madrid] QUERY jornadaFunctions::searchByPrueba() :
SELECT count(*) FROM Jornadas WHERE ( ( Prueba = 3 ) AND ( Cerrada=0) )
[11-Feb-2014 23:12:49 Europe/Madrid] QUERY jornadaFunctions::searchByPrueba() :
SELECT * FROM Jornadas WHERE ( ( Prueba = 3 ) AND ( Cerrada=0 ) ) ORDER BY Numero ASC
[11-Feb-2014 23:12:49 Europe/Madrid] TRACE jornadaFunctions::searchByPrueba() : Leave
[11-Feb-2014 23:12:51 Europe/Madrid] TRACE jornadaFunctions::searchByPrueba() : Enter
[11-Feb-2014 23:12:51 Europe/Madrid] QUERY jornadaFunctions::searchByPrueba() :
SELECT count(*) FROM Jornadas WHERE ( ( Prueba = 0 ) AND ( Cerrada=0) )
[11-Feb-2014 23:12:51 Europe/Madrid] TRACE jornadaFunctions::searchByPrueba() : Leave
[11-Feb-2014 23:12:51 Europe/Madrid] TRACE mangaFunctions::selectByJornada() : Enter
[11-Feb-2014 23:12:51 Europe/Madrid] QUERY mangaFunctions::selectByJornada() :
SELECT count(*) FROM Mangas WHERE ( Jornada = 9 )
[11-Feb-2014 23:12:51 Europe/Madrid] QUERY mangaFunctions::selectByJornada() :
SELECT ID, Mangas.Tipo AS Tipo, Tipo_Manga.Descripcion AS Descripcion
			FROM Mangas,Tipo_Manga
			WHERE ( ( Jornada = 9 ) AND ( Mangas.Tipo = Tipo_Manga.Tipo) )
			ORDER BY Descripcion ASC
[11-Feb-2014 23:12:51 Europe/Madrid] TRACE mangaFunctions::selectByJornada() : Leave
[11-Feb-2014 23:12:53 Europe/Madrid] TRACE ordenSalidaFunctions::getData() : Enter
[11-Feb-2014 23:12:53 Europe/Madrid] QUERY resultadosFunctions::__construct() :
SELECT Jornada,Cerrada FROM Mangas WHERE ID=3
[11-Feb-2014 23:12:53 Europe/Madrid] TRACE ordenSalidaFunctions::getOrden() : Enter
[11-Feb-2014 23:12:53 Europe/Madrid] QUERY ordenSalidaFunctions::getOrden() :
SELECT Orden_Salida FROM Mangas WHERE ( ID=3 )
[11-Feb-2014 23:12:53 Europe/Madrid] TRACE ordenSalidaFunctions::getOrden() : Leave
[11-Feb-2014 23:12:53 Europe/Madrid] TRACE resultadosFunctions::enumerate() : Enter
[11-Feb-2014 23:12:53 Europe/Madrid] DEBUG ordenSalidaFunctions::getData() : El orden de salida actual es BEGIN,TAG_-0,TAG_-1,TAG_L0,578,558,574,33,579,227,TAG_L1,575,TAG_M0,577,563,404,564,414,TAG_M1,384,TAG_S0,496,585,500,TAG_S1,TAG_T0,TAG_T1,END
[11-Feb-2014 23:12:53 Europe/Madrid] QUERY ordenSalidaFunctions::getData() :
SELECT * FROM InscritosJornada WHERE ( Jornada=9 ) ORDER BY Categoria ASC , Celo ASC, Equipo, Orden
[11-Feb-2014 23:12:53 Europe/Madrid] TRACE Competicion::getOrden() : Enter
[11-Feb-2014 23:12:53 Europe/Madrid] QUERY Competicion::getOrden() :
SELECT Orden_Salida FROM Mangas WHERE ( ID=3 )
[11-Feb-2014 23:12:53 Europe/Madrid] TRACE clasificacionesFunctions::parcial() : Enter
[11-Feb-2014 23:12:53 Europe/Madrid] QUERY clasificacionesFunctions::parcial() :
CREATE TEMPORARY TABLE Manga_3_Hnbr9Zv7 (
			`Dorsal` int(4) NOT NULL,
			`Categoria` varchar(1) NOT NULL DEFAULT '-',
			`PRecorrido` double NOT NULL DEFAULT '0',
			`PTiempo` double NOT NULL DEFAULT '0',
			`Tiempo` double NOT NULL DEFAULT '0',
			`Velocidad` double NOT NULL DEFAULT '0',
			`Puntos` double NOT NULL DEFAULT '0',
			`Calificacion` varchar(16) DEFAULT NULL,
			PRIMARY KEY ( `Dorsal` )
		)
[11-Feb-2014 23:12:53 Europe/Madrid] TRACE Competicion::getOrden() : Leave
[11-Feb-2014 23:12:53 Europe/Madrid] DEBUG resultadosFunctions::enumerate() : El orden de salida es: 
BEGIN,TAG_-0,TAG_-1,TAG_L0,578,558,574,33,579,227,TAG_L1,575,TAG_M0,577,563,404,564,414,TAG_M1,384,TAG_S0,496,585,500,TAG_S1,TAG_T0,TAG_T1,END
[11-Feb-2014 23:12:53 Europe/Madrid] QUERY resultadosFunctions::enumerate() :
SELECT * FROM Resultados WHERE (Manga=3)
[11-Feb-2014 23:12:53 Europe/Madrid] TRACE resultadosFunctions::enumerate() : Leave
[11-Feb-2014 23:12:53 Europe/Madrid] QUERY ordenSalidaFunctions::getData() :
SELECT Grado FROM Mangas WHERE ( ID=3 )
[11-Feb-2014 23:12:53 Europe/Madrid] TRACE ordenSalidaFunctions::getData() : Leave
[11-Feb-2014 23:12:53 Europe/Madrid] TRACE mangaFunctions::selectByID() : Enter
[11-Feb-2014 23:12:53 Europe/Madrid] QUERY mangaFunctions::selectByID() :
SELECT * FROM Mangas WHERE ( ID = 3 )
[11-Feb-2014 23:12:53 Europe/Madrid] TRACE mangaFunctions::selectByID() : Leave
[11-Feb-2014 23:12:53 Europe/Madrid] QUERY clasificacionesFunctions::parcial() :
INSERT INTO Manga_3_Hnbr9Zv7 (Dorsal,Categoria,Tiempo,PRecorrido) 
			SELECT Dorsal,Categoria,Tiempo, ( 5*Faltas + 5*Rehuses + 5*Tocados + 100*Eliminado + 200*NoPresentado ) AS PRecorrido
			FROM Resultados WHERE ( Manga =3 )
[11-Feb-2014 23:12:53 Europe/Madrid] QUERY clasificacionesFunctions::parcial() :
SELECT * FROM Manga_3_Hnbr9Zv7 ORDER BY Categoria ASC , PRecorrido ASC , Tiempo ASC 
[11-Feb-2014 23:12:53 Europe/Madrid] TRACE clasificacionesFunctions::getJornada() : Leave
[11-Feb-2014 23:12:53 Europe/Madrid] QUERY clasificacionesFunctions::getJornada() :
SELECT Jornada FROM Mangas WHERE ID=3
[11-Feb-2014 23:12:53 Europe/Madrid] TRACE clasificacionesFunctions::getJornada() : Leave
[11-Feb-2014 23:12:53 Europe/Madrid] TRACE Clasificaciones.php::datosTRS() : Enter
[11-Feb-2014 23:12:53 Europe/Madrid] TRACE Clasificaciones.php::selectByID() : Enter
[11-Feb-2014 23:12:53 Europe/Madrid] QUERY Clasificaciones.php::selectByID() :
SELECT * FROM Mangas WHERE ( ID = 3 )
[11-Feb-2014 23:12:53 Europe/Madrid] TRACE Clasificaciones.php::selectByID() : Leave
[11-Feb-2014 23:12:53 Europe/Madrid] TRACE Clasificaciones.php::datosTRS() : Leave
[11-Feb-2014 23:12:53 Europe/Madrid] TRACE juezFunctions::enumerate() : Enter
[11-Feb-2014 23:12:53 Europe/Madrid] QUERY juezFunctions::enumerate() :
SELECT count(*) FROM Jueces 
[11-Feb-2014 23:12:53 Europe/Madrid] QUERY juezFunctions::enumerate() :
SELECT * FROM Jueces  ORDER BY Nombre ASC
[11-Feb-2014 23:12:53 Europe/Madrid] TRACE juezFunctions::enumerate() : Leave
[11-Feb-2014 23:12:53 Europe/Madrid] TRACE juezFunctions::enumerate() : Enter
[11-Feb-2014 23:12:53 Europe/Madrid] QUERY juezFunctions::enumerate() :
SELECT count(*) FROM Jueces 
[11-Feb-2014 23:12:53 Europe/Madrid] QUERY juezFunctions::enumerate() :
SELECT * FROM Jueces  ORDER BY Nombre ASC
[11-Feb-2014 23:12:53 Europe/Madrid] TRACE juezFunctions::enumerate() : Leave
[11-Feb-2014 23:12:54 Europe/Madrid] QUERY clasificacionesFunctions::parcial() :
SELECT Manga, Resultados.Dorsal AS Dorsal, Nombre, Licencia, Resultados.Categoria AS Categoria, Guia, Club,
				Faltas, Rehuses, Tocados, Resultados.Tiempo AS Tiempo, Velocidad, Puntos, Calificacion
				FROM Resultados,Manga_3_Hnbr9Zv7
				WHERE ( Resultados.Dorsal = Manga_3_Hnbr9Zv7.Dorsal )
				ORDER BY Categoria ASC, Puntos ASC, Tiempo ASC
[11-Feb-2014 23:12:54 Europe/Madrid] TRACE clasificacionesFunctions::parcial() : Leave
[11-Feb-2014 23:12:55 Europe/Madrid] TRACE clasificacionesFunctions::parcial() : Enter
[11-Feb-2014 23:12:55 Europe/Madrid] QUERY clasificacionesFunctions::parcial() :
CREATE TEMPORARY TABLE Manga_3_6nurDp5O (
			`Dorsal` int(4) NOT NULL,
			`Categoria` varchar(1) NOT NULL DEFAULT '-',
			`PRecorrido` double NOT NULL DEFAULT '0',
			`PTiempo` double NOT NULL DEFAULT '0',
			`Tiempo` double NOT NULL DEFAULT '0',
			`Velocidad` double NOT NULL DEFAULT '0',
			`Puntos` double NOT NULL DEFAULT '0',
			`Calificacion` varchar(16) DEFAULT NULL,
			PRIMARY KEY ( `Dorsal` )
		)
[11-Feb-2014 23:12:56 Europe/Madrid] QUERY clasificacionesFunctions::parcial() :
INSERT INTO Manga_3_6nurDp5O (Dorsal,Categoria,Tiempo,PRecorrido) 
			SELECT Dorsal,Categoria,Tiempo, ( 5*Faltas + 5*Rehuses + 5*Tocados + 100*Eliminado + 200*NoPresentado ) AS PRecorrido
			FROM Resultados WHERE ( Manga =3 )
[11-Feb-2014 23:12:56 Europe/Madrid] QUERY clasificacionesFunctions::parcial() :
SELECT * FROM Manga_3_6nurDp5O ORDER BY Categoria ASC , PRecorrido ASC , Tiempo ASC 
[11-Feb-2014 23:12:56 Europe/Madrid] TRACE clasificacionesFunctions::getJornada() : Leave
[11-Feb-2014 23:12:56 Europe/Madrid] QUERY clasificacionesFunctions::getJornada() :
SELECT Jornada FROM Mangas WHERE ID=3
[11-Feb-2014 23:12:56 Europe/Madrid] TRACE clasificacionesFunctions::getJornada() : Leave
[11-Feb-2014 23:12:56 Europe/Madrid] TRACE Clasificaciones.php::datosTRS() : Enter
[11-Feb-2014 23:12:56 Europe/Madrid] TRACE Clasificaciones.php::selectByID() : Enter
[11-Feb-2014 23:12:56 Europe/Madrid] QUERY Clasificaciones.php::selectByID() :
SELECT * FROM Mangas WHERE ( ID = 3 )
[11-Feb-2014 23:12:56 Europe/Madrid] TRACE Clasificaciones.php::selectByID() : Leave
[11-Feb-2014 23:12:56 Europe/Madrid] TRACE Clasificaciones.php::datosTRS() : Leave
[11-Feb-2014 23:12:56 Europe/Madrid] QUERY clasificacionesFunctions::parcial() :
SELECT Manga, Resultados.Dorsal AS Dorsal, Nombre, Licencia, Resultados.Categoria AS Categoria, Guia, Club,
				Faltas, Rehuses, Tocados, Resultados.Tiempo AS Tiempo, Velocidad, Puntos, Calificacion
				FROM Resultados,Manga_3_6nurDp5O
				WHERE ( Resultados.Dorsal = Manga_3_6nurDp5O.Dorsal )
				ORDER BY Categoria ASC, Puntos ASC, Tiempo ASC
[11-Feb-2014 23:12:56 Europe/Madrid] TRACE clasificacionesFunctions::parcial() : Leave
[11-Feb-2014 23:13:27 Europe/Madrid] TRACE pruebaFunctions::enumerate() : Enter
[11-Feb-2014 23:13:27 Europe/Madrid] QUERY pruebaFunctions::enumerate() :
SELECT count(*) FROM Pruebas WHERE ( Cerrada=0 ) 
[11-Feb-2014 23:13:27 Europe/Madrid] QUERY pruebaFunctions::enumerate() :
SELECT * FROM Pruebas WHERE (Cerrada=0)  ORDER BY Nombre ASC
[11-Feb-2014 23:13:27 Europe/Madrid] TRACE jornadaFunctions::searchByPrueba() : Enter
[11-Feb-2014 23:13:27 Europe/Madrid] TRACE pruebaFunctions::enumerate() : Leave
[11-Feb-2014 23:13:27 Europe/Madrid] QUERY jornadaFunctions::searchByPrueba() :
SELECT count(*) FROM Jornadas WHERE ( ( Prueba = 0 ) AND ( Cerrada=0) )
[11-Feb-2014 23:13:27 Europe/Madrid] TRACE jornadaFunctions::searchByPrueba() : Leave
[11-Feb-2014 23:13:29 Europe/Madrid] TRACE jornadaFunctions::searchByPrueba() : Enter
[11-Feb-2014 23:13:29 Europe/Madrid] QUERY jornadaFunctions::searchByPrueba() :
SELECT count(*) FROM Jornadas WHERE ( ( Prueba = 3 ) AND ( Cerrada=0) )
[11-Feb-2014 23:13:29 Europe/Madrid] QUERY jornadaFunctions::searchByPrueba() :
SELECT * FROM Jornadas WHERE ( ( Prueba = 3 ) AND ( Cerrada=0 ) ) ORDER BY Numero ASC
[11-Feb-2014 23:13:29 Europe/Madrid] TRACE jornadaFunctions::searchByPrueba() : Leave
[11-Feb-2014 23:13:31 Europe/Madrid] TRACE jornadaFunctions::searchByPrueba() : Enter
[11-Feb-2014 23:13:31 Europe/Madrid] QUERY jornadaFunctions::searchByPrueba() :
SELECT count(*) FROM Jornadas WHERE ( ( Prueba = 0 ) AND ( Cerrada=0) )
[11-Feb-2014 23:13:31 Europe/Madrid] TRACE jornadaFunctions::searchByPrueba() : Leave
[11-Feb-2014 23:13:31 Europe/Madrid] TRACE mangaFunctions::selectByJornada() : Enter
[11-Feb-2014 23:13:31 Europe/Madrid] QUERY mangaFunctions::selectByJornada() :
SELECT count(*) FROM Mangas WHERE ( Jornada = 9 )
[11-Feb-2014 23:13:31 Europe/Madrid] QUERY mangaFunctions::selectByJornada() :
SELECT ID, Mangas.Tipo AS Tipo, Tipo_Manga.Descripcion AS Descripcion
			FROM Mangas,Tipo_Manga
			WHERE ( ( Jornada = 9 ) AND ( Mangas.Tipo = Tipo_Manga.Tipo) )
			ORDER BY Descripcion ASC
[11-Feb-2014 23:13:31 Europe/Madrid] TRACE mangaFunctions::selectByJornada() : Leave
[11-Feb-2014 23:13:32 Europe/Madrid] QUERY resultadosFunctions::__construct() :
SELECT Jornada,Cerrada FROM Mangas WHERE ID=3
[11-Feb-2014 23:13:32 Europe/Madrid] TRACE clasificacionesFunctions::parcial() : Enter
[11-Feb-2014 23:13:32 Europe/Madrid] TRACE ordenSalidaFunctions::getData() : Enter
[11-Feb-2014 23:13:32 Europe/Madrid] TRACE ordenSalidaFunctions::getOrden() : Enter
[11-Feb-2014 23:13:32 Europe/Madrid] QUERY clasificacionesFunctions::parcial() :
CREATE TEMPORARY TABLE Manga_3_pLJO1Rnz (
			`Dorsal` int(4) NOT NULL,
			`Categoria` varchar(1) NOT NULL DEFAULT '-',
			`PRecorrido` double NOT NULL DEFAULT '0',
			`PTiempo` double NOT NULL DEFAULT '0',
			`Tiempo` double NOT NULL DEFAULT '0',
			`Velocidad` double NOT NULL DEFAULT '0',
			`Puntos` double NOT NULL DEFAULT '0',
			`Calificacion` varchar(16) DEFAULT NULL,
			PRIMARY KEY ( `Dorsal` )
		)
[11-Feb-2014 23:13:32 Europe/Madrid] QUERY ordenSalidaFunctions::getOrden() :
SELECT Orden_Salida FROM Mangas WHERE ( ID=3 )
[11-Feb-2014 23:13:32 Europe/Madrid] TRACE resultadosFunctions::enumerate() : Enter
[11-Feb-2014 23:13:32 Europe/Madrid] TRACE ordenSalidaFunctions::getOrden() : Leave
[11-Feb-2014 23:13:32 Europe/Madrid] DEBUG ordenSalidaFunctions::getData() : El orden de salida actual es BEGIN,TAG_-0,TAG_-1,TAG_L0,578,558,574,33,579,227,TAG_L1,575,TAG_M0,577,563,404,564,414,TAG_M1,384,TAG_S0,496,585,500,TAG_S1,TAG_T0,TAG_T1,END
[11-Feb-2014 23:13:32 Europe/Madrid] QUERY ordenSalidaFunctions::getData() :
SELECT * FROM InscritosJornada WHERE ( Jornada=9 ) ORDER BY Categoria ASC , Celo ASC, Equipo, Orden
[11-Feb-2014 23:13:32 Europe/Madrid] TRACE Competicion::getOrden() : Enter
[11-Feb-2014 23:13:32 Europe/Madrid] QUERY Competicion::getOrden() :
SELECT Orden_Salida FROM Mangas WHERE ( ID=3 )
[11-Feb-2014 23:13:32 Europe/Madrid] TRACE Competicion::getOrden() : Leave
[11-Feb-2014 23:13:32 Europe/Madrid] DEBUG resultadosFunctions::enumerate() : El orden de salida es: 
BEGIN,TAG_-0,TAG_-1,TAG_L0,578,558,574,33,579,227,TAG_L1,575,TAG_M0,577,563,404,564,414,TAG_M1,384,TAG_S0,496,585,500,TAG_S1,TAG_T0,TAG_T1,END
[11-Feb-2014 23:13:32 Europe/Madrid] QUERY resultadosFunctions::enumerate() :
SELECT * FROM Resultados WHERE (Manga=3)
[11-Feb-2014 23:13:32 Europe/Madrid] QUERY ordenSalidaFunctions::getData() :
SELECT Grado FROM Mangas WHERE ( ID=3 )
[11-Feb-2014 23:13:32 Europe/Madrid] TRACE resultadosFunctions::enumerate() : Leave
[11-Feb-2014 23:13:32 Europe/Madrid] TRACE ordenSalidaFunctions::getData() : Leave
[11-Feb-2014 23:13:32 Europe/Madrid] TRACE mangaFunctions::selectByID() : Enter
[11-Feb-2014 23:13:32 Europe/Madrid] QUERY mangaFunctions::selectByID() :
SELECT * FROM Mangas WHERE ( ID = 3 )
[11-Feb-2014 23:13:32 Europe/Madrid] TRACE mangaFunctions::selectByID() : Leave
[11-Feb-2014 23:13:32 Europe/Madrid] QUERY clasificacionesFunctions::parcial() :
INSERT INTO Manga_3_pLJO1Rnz (Dorsal,Categoria,Tiempo,PRecorrido) 
			SELECT Dorsal,Categoria,Tiempo, ( 5*Faltas + 5*Rehuses + 5*Tocados + 100*Eliminado + 200*NoPresentado ) AS PRecorrido
			FROM Resultados WHERE ( Manga =3 )
[11-Feb-2014 23:13:32 Europe/Madrid] QUERY clasificacionesFunctions::parcial() :
SELECT * FROM Manga_3_pLJO1Rnz ORDER BY Categoria ASC , PRecorrido ASC , Tiempo ASC 
[11-Feb-2014 23:13:32 Europe/Madrid] TRACE clasificacionesFunctions::getJornada() : Leave
[11-Feb-2014 23:13:32 Europe/Madrid] QUERY clasificacionesFunctions::getJornada() :
SELECT Jornada FROM Mangas WHERE ID=3
[11-Feb-2014 23:13:32 Europe/Madrid] TRACE clasificacionesFunctions::getJornada() : Leave
[11-Feb-2014 23:13:32 Europe/Madrid] TRACE Clasificaciones.php::datosTRS() : Enter
[11-Feb-2014 23:13:32 Europe/Madrid] TRACE Clasificaciones.php::selectByID() : Enter
[11-Feb-2014 23:13:32 Europe/Madrid] QUERY Clasificaciones.php::selectByID() :
SELECT * FROM Mangas WHERE ( ID = 3 )
[11-Feb-2014 23:13:32 Europe/Madrid] TRACE Clasificaciones.php::selectByID() : Leave
[11-Feb-2014 23:13:32 Europe/Madrid] TRACE Clasificaciones.php::datosTRS() : Leave
[11-Feb-2014 23:13:32 Europe/Madrid] TRACE juezFunctions::enumerate() : Enter
[11-Feb-2014 23:13:32 Europe/Madrid] QUERY juezFunctions::enumerate() :
SELECT count(*) FROM Jueces 
[11-Feb-2014 23:13:32 Europe/Madrid] QUERY juezFunctions::enumerate() :
SELECT * FROM Jueces  ORDER BY Nombre ASC
[11-Feb-2014 23:13:32 Europe/Madrid] TRACE juezFunctions::enumerate() : Leave
[11-Feb-2014 23:13:33 Europe/Madrid] TRACE juezFunctions::enumerate() : Enter
[11-Feb-2014 23:13:33 Europe/Madrid] QUERY juezFunctions::enumerate() :
SELECT count(*) FROM Jueces 
[11-Feb-2014 23:13:33 Europe/Madrid] QUERY juezFunctions::enumerate() :
SELECT * FROM Jueces  ORDER BY Nombre ASC
[11-Feb-2014 23:13:33 Europe/Madrid] TRACE juezFunctions::enumerate() : Leave
[11-Feb-2014 23:13:33 Europe/Madrid] QUERY clasificacionesFunctions::parcial() :
SELECT Manga, Resultados.Dorsal AS Dorsal, Nombre, Licencia, Resultados.Categoria AS Categoria, Guia, Club,
				Faltas, Rehuses, Tocados, Resultados.Tiempo AS Tiempo, Velocidad, Puntos, Calificacion
				FROM Resultados,Manga_3_pLJO1Rnz
				WHERE ( Resultados.Dorsal = Manga_3_pLJO1Rnz.Dorsal )
				ORDER BY Categoria ASC, Puntos ASC, Tiempo ASC
[11-Feb-2014 23:13:33 Europe/Madrid] TRACE clasificacionesFunctions::parcial() : Leave
[11-Feb-2014 23:13:35 Europe/Madrid] TRACE clasificacionesFunctions::parcial() : Enter
[11-Feb-2014 23:13:35 Europe/Madrid] QUERY clasificacionesFunctions::parcial() :
CREATE TEMPORARY TABLE Manga_3_1FxQSeCJ (
			`Dorsal` int(4) NOT NULL,
			`Categoria` varchar(1) NOT NULL DEFAULT '-',
			`PRecorrido` double NOT NULL DEFAULT '0',
			`PTiempo` double NOT NULL DEFAULT '0',
			`Tiempo` double NOT NULL DEFAULT '0',
			`Velocidad` double NOT NULL DEFAULT '0',
			`Puntos` double NOT NULL DEFAULT '0',
			`Calificacion` varchar(16) DEFAULT NULL,
			PRIMARY KEY ( `Dorsal` )
		)
[11-Feb-2014 23:13:35 Europe/Madrid] QUERY clasificacionesFunctions::parcial() :
INSERT INTO Manga_3_1FxQSeCJ (Dorsal,Categoria,Tiempo,PRecorrido) 
			SELECT Dorsal,Categoria,Tiempo, ( 5*Faltas + 5*Rehuses + 5*Tocados + 100*Eliminado + 200*NoPresentado ) AS PRecorrido
			FROM Resultados WHERE ( Manga =3 )
[11-Feb-2014 23:13:35 Europe/Madrid] QUERY clasificacionesFunctions::parcial() :
SELECT * FROM Manga_3_1FxQSeCJ ORDER BY Categoria ASC , PRecorrido ASC , Tiempo ASC 
[11-Feb-2014 23:13:35 Europe/Madrid] TRACE clasificacionesFunctions::getJornada() : Leave
[11-Feb-2014 23:13:35 Europe/Madrid] QUERY clasificacionesFunctions::getJornada() :
SELECT Jornada FROM Mangas WHERE ID=3
[11-Feb-2014 23:13:35 Europe/Madrid] TRACE clasificacionesFunctions::getJornada() : Leave
[11-Feb-2014 23:13:35 Europe/Madrid] TRACE Clasificaciones.php::datosTRS() : Enter
[11-Feb-2014 23:13:35 Europe/Madrid] TRACE Clasificaciones.php::selectByID() : Enter
[11-Feb-2014 23:13:35 Europe/Madrid] QUERY Clasificaciones.php::selectByID() :
SELECT * FROM Mangas WHERE ( ID = 3 )
[11-Feb-2014 23:13:35 Europe/Madrid] TRACE Clasificaciones.php::selectByID() : Leave
[11-Feb-2014 23:13:35 Europe/Madrid] TRACE Clasificaciones.php::datosTRS() : Leave
[11-Feb-2014 23:13:35 Europe/Madrid] QUERY clasificacionesFunctions::parcial() :
SELECT Manga, Resultados.Dorsal AS Dorsal, Nombre, Licencia, Resultados.Categoria AS Categoria, Guia, Club,
				Faltas, Rehuses, Tocados, Resultados.Tiempo AS Tiempo, Velocidad, Puntos, Calificacion
				FROM Resultados,Manga_3_1FxQSeCJ
				WHERE ( Resultados.Dorsal = Manga_3_1FxQSeCJ.Dorsal )
				ORDER BY Categoria ASC, Puntos ASC, Tiempo ASC
[11-Feb-2014 23:13:35 Europe/Madrid] TRACE clasificacionesFunctions::parcial() : Leave
[11-Feb-2014 23:16:20 Europe/Madrid] TRACE clasificacionesFunctions::parcial() : Enter
[11-Feb-2014 23:16:20 Europe/Madrid] QUERY clasificacionesFunctions::parcial() :
CREATE TEMPORARY TABLE Manga_3_t76A8enR (
			`Dorsal` int(4) NOT NULL,
			`Categoria` varchar(1) NOT NULL DEFAULT '-',
			`PRecorrido` double NOT NULL DEFAULT '0',
			`PTiempo` double NOT NULL DEFAULT '0',
			`Tiempo` double NOT NULL DEFAULT '0',
			`Velocidad` double NOT NULL DEFAULT '0',
			`Puntos` double NOT NULL DEFAULT '0',
			`Calificacion` varchar(16) DEFAULT NULL,
			PRIMARY KEY ( `Dorsal` )
		)
[11-Feb-2014 23:16:20 Europe/Madrid] QUERY clasificacionesFunctions::parcial() :
INSERT INTO Manga_3_t76A8enR (Dorsal,Categoria,Tiempo,PRecorrido) 
			SELECT Dorsal,Categoria,Tiempo, ( 5*Faltas + 5*Rehuses + 5*Tocados + 100*Eliminado + 200*NoPresentado ) AS PRecorrido
			FROM Resultados WHERE ( Manga =3 )
[11-Feb-2014 23:16:20 Europe/Madrid] QUERY clasificacionesFunctions::parcial() :
SELECT * FROM Manga_3_t76A8enR ORDER BY Categoria ASC , PRecorrido ASC , Tiempo ASC 
[11-Feb-2014 23:16:20 Europe/Madrid] TRACE clasificacionesFunctions::getJornada() : Leave
[11-Feb-2014 23:16:20 Europe/Madrid] QUERY clasificacionesFunctions::getJornada() :
SELECT Jornada FROM Mangas WHERE ID=3
[11-Feb-2014 23:16:20 Europe/Madrid] TRACE clasificacionesFunctions::getJornada() : Leave
[11-Feb-2014 23:16:20 Europe/Madrid] TRACE Clasificaciones.php::datosTRS() : Enter
[11-Feb-2014 23:16:20 Europe/Madrid] TRACE Clasificaciones.php::selectByID() : Enter
[11-Feb-2014 23:16:20 Europe/Madrid] QUERY Clasificaciones.php::selectByID() :
SELECT * FROM Mangas WHERE ( ID = 3 )
[11-Feb-2014 23:16:20 Europe/Madrid] TRACE Clasificaciones.php::selectByID() : Leave
[11-Feb-2014 23:16:20 Europe/Madrid] TRACE Clasificaciones.php::datosTRS() : Leave
[11-Feb-2014 23:16:21 Europe/Madrid] QUERY clasificacionesFunctions::parcial() :
SELECT Manga, Resultados.Dorsal AS Dorsal, Nombre, Licencia, Resultados.Categoria AS Categoria, Guia, Club,
				Faltas, Rehuses, Tocados, Resultados.Tiempo AS Tiempo, Velocidad, Puntos, Calificacion
				FROM Resultados,Manga_3_t76A8enR
				WHERE ( Resultados.Dorsal = Manga_3_t76A8enR.Dorsal )
				ORDER BY Categoria ASC, Puntos ASC, Tiempo ASC
[11-Feb-2014 23:16:21 Europe/Madrid] TRACE clasificacionesFunctions::parcial() : Leave
[11-Feb-2014 23:17:11 Europe/Madrid] TRACE pruebaFunctions::enumerate() : Enter
[11-Feb-2014 23:17:11 Europe/Madrid] TRACE jornadaFunctions::searchByPrueba() : Enter
[11-Feb-2014 23:17:11 Europe/Madrid] QUERY pruebaFunctions::enumerate() :
SELECT count(*) FROM Pruebas WHERE ( Cerrada=0 ) 
[11-Feb-2014 23:17:11 Europe/Madrid] QUERY jornadaFunctions::searchByPrueba() :
SELECT count(*) FROM Jornadas WHERE ( ( Prueba = 0 ) AND ( Cerrada=0) )
[11-Feb-2014 23:17:11 Europe/Madrid] QUERY pruebaFunctions::enumerate() :
SELECT * FROM Pruebas WHERE (Cerrada=0)  ORDER BY Nombre ASC
[11-Feb-2014 23:17:11 Europe/Madrid] TRACE jornadaFunctions::searchByPrueba() : Leave
[11-Feb-2014 23:17:11 Europe/Madrid] TRACE pruebaFunctions::enumerate() : Leave
[11-Feb-2014 23:17:13 Europe/Madrid] TRACE jornadaFunctions::searchByPrueba() : Enter
[11-Feb-2014 23:17:13 Europe/Madrid] QUERY jornadaFunctions::searchByPrueba() :
SELECT count(*) FROM Jornadas WHERE ( ( Prueba = 3 ) AND ( Cerrada=0) )
[11-Feb-2014 23:17:13 Europe/Madrid] QUERY jornadaFunctions::searchByPrueba() :
SELECT * FROM Jornadas WHERE ( ( Prueba = 3 ) AND ( Cerrada=0 ) ) ORDER BY Numero ASC
[11-Feb-2014 23:17:13 Europe/Madrid] TRACE jornadaFunctions::searchByPrueba() : Leave
[11-Feb-2014 23:17:15 Europe/Madrid] TRACE jornadaFunctions::searchByPrueba() : Enter
[11-Feb-2014 23:17:15 Europe/Madrid] QUERY jornadaFunctions::searchByPrueba() :
SELECT count(*) FROM Jornadas WHERE ( ( Prueba = 0 ) AND ( Cerrada=0) )
[11-Feb-2014 23:17:15 Europe/Madrid] TRACE jornadaFunctions::searchByPrueba() : Leave
[11-Feb-2014 23:17:16 Europe/Madrid] TRACE mangaFunctions::selectByJornada() : Enter
[11-Feb-2014 23:17:16 Europe/Madrid] QUERY mangaFunctions::selectByJornada() :
SELECT count(*) FROM Mangas WHERE ( Jornada = 9 )
[11-Feb-2014 23:17:16 Europe/Madrid] QUERY mangaFunctions::selectByJornada() :
SELECT ID, Mangas.Tipo AS Tipo, Tipo_Manga.Descripcion AS Descripcion
			FROM Mangas,Tipo_Manga
			WHERE ( ( Jornada = 9 ) AND ( Mangas.Tipo = Tipo_Manga.Tipo) )
			ORDER BY Descripcion ASC
[11-Feb-2014 23:17:16 Europe/Madrid] TRACE mangaFunctions::selectByJornada() : Leave
[11-Feb-2014 23:17:17 Europe/Madrid] TRACE ordenSalidaFunctions::getData() : Enter
[11-Feb-2014 23:17:17 Europe/Madrid] TRACE ordenSalidaFunctions::getOrden() : Enter
[11-Feb-2014 23:17:17 Europe/Madrid] QUERY ordenSalidaFunctions::getOrden() :
SELECT Orden_Salida FROM Mangas WHERE ( ID=3 )
[11-Feb-2014 23:17:17 Europe/Madrid] TRACE ordenSalidaFunctions::getOrden() : Leave
[11-Feb-2014 23:17:17 Europe/Madrid] DEBUG ordenSalidaFunctions::getData() : El orden de salida actual es BEGIN,TAG_-0,TAG_-1,TAG_L0,578,558,574,33,579,227,TAG_L1,575,TAG_M0,577,563,404,564,414,TAG_M1,384,TAG_S0,496,585,500,TAG_S1,TAG_T0,TAG_T1,END
[11-Feb-2014 23:17:17 Europe/Madrid] QUERY ordenSalidaFunctions::getData() :
SELECT * FROM InscritosJornada WHERE ( Jornada=9 ) ORDER BY Categoria ASC , Celo ASC, Equipo, Orden
[11-Feb-2014 23:17:17 Europe/Madrid] QUERY resultadosFunctions::__construct() :
SELECT Jornada,Cerrada FROM Mangas WHERE ID=3
[11-Feb-2014 23:17:17 Europe/Madrid] TRACE resultadosFunctions::enumerate() : Enter
[11-Feb-2014 23:17:17 Europe/Madrid] TRACE Competicion::getOrden() : Enter
[11-Feb-2014 23:17:17 Europe/Madrid] QUERY Competicion::getOrden() :
SELECT Orden_Salida FROM Mangas WHERE ( ID=3 )
[11-Feb-2014 23:17:17 Europe/Madrid] TRACE Competicion::getOrden() : Leave
[11-Feb-2014 23:17:17 Europe/Madrid] DEBUG resultadosFunctions::enumerate() : El orden de salida es: 
BEGIN,TAG_-0,TAG_-1,TAG_L0,578,558,574,33,579,227,TAG_L1,575,TAG_M0,577,563,404,564,414,TAG_M1,384,TAG_S0,496,585,500,TAG_S1,TAG_T0,TAG_T1,END
[11-Feb-2014 23:17:17 Europe/Madrid] QUERY resultadosFunctions::enumerate() :
SELECT * FROM Resultados WHERE (Manga=3)
[11-Feb-2014 23:17:17 Europe/Madrid] TRACE resultadosFunctions::enumerate() : Leave
[11-Feb-2014 23:17:17 Europe/Madrid] QUERY ordenSalidaFunctions::getData() :
SELECT Grado FROM Mangas WHERE ( ID=3 )
[11-Feb-2014 23:17:17 Europe/Madrid] TRACE ordenSalidaFunctions::getData() : Leave
[11-Feb-2014 23:17:17 Europe/Madrid] TRACE clasificacionesFunctions::parcial() : Enter
[11-Feb-2014 23:17:17 Europe/Madrid] QUERY clasificacionesFunctions::parcial() :
CREATE TEMPORARY TABLE Manga_3_PZYnRO6I (
			`Dorsal` int(4) NOT NULL,
			`Categoria` varchar(1) NOT NULL DEFAULT '-',
			`PRecorrido` double NOT NULL DEFAULT '0',
			`PTiempo` double NOT NULL DEFAULT '0',
			`Tiempo` double NOT NULL DEFAULT '0',
			`Velocidad` double NOT NULL DEFAULT '0',
			`Puntos` double NOT NULL DEFAULT '0',
			`Calificacion` varchar(16) DEFAULT NULL,
			PRIMARY KEY ( `Dorsal` )
		)
[11-Feb-2014 23:17:18 Europe/Madrid] TRACE mangaFunctions::selectByID() : Enter
[11-Feb-2014 23:17:18 Europe/Madrid] QUERY mangaFunctions::selectByID() :
SELECT * FROM Mangas WHERE ( ID = 3 )
[11-Feb-2014 23:17:18 Europe/Madrid] TRACE mangaFunctions::selectByID() : Leave
[11-Feb-2014 23:17:18 Europe/Madrid] QUERY clasificacionesFunctions::parcial() :
INSERT INTO Manga_3_PZYnRO6I (Dorsal,Categoria,Tiempo,PRecorrido) 
			SELECT Dorsal,Categoria,Tiempo, ( 5*Faltas + 5*Rehuses + 5*Tocados + 100*Eliminado + 200*NoPresentado ) AS PRecorrido
			FROM Resultados WHERE ( Manga =3 )
[11-Feb-2014 23:17:18 Europe/Madrid] QUERY clasificacionesFunctions::parcial() :
SELECT * FROM Manga_3_PZYnRO6I ORDER BY Categoria ASC , PRecorrido ASC , Tiempo ASC 
[11-Feb-2014 23:17:18 Europe/Madrid] TRACE clasificacionesFunctions::getJornada() : Leave
[11-Feb-2014 23:17:18 Europe/Madrid] QUERY clasificacionesFunctions::getJornada() :
SELECT Jornada FROM Mangas WHERE ID=3
[11-Feb-2014 23:17:18 Europe/Madrid] TRACE clasificacionesFunctions::getJornada() : Leave
[11-Feb-2014 23:17:18 Europe/Madrid] TRACE Clasificaciones.php::datosTRS() : Enter
[11-Feb-2014 23:17:18 Europe/Madrid] TRACE Clasificaciones.php::selectByID() : Enter
[11-Feb-2014 23:17:18 Europe/Madrid] QUERY Clasificaciones.php::selectByID() :
SELECT * FROM Mangas WHERE ( ID = 3 )
[11-Feb-2014 23:17:18 Europe/Madrid] TRACE Clasificaciones.php::selectByID() : Leave
[11-Feb-2014 23:17:18 Europe/Madrid] TRACE Clasificaciones.php::datosTRS() : Leave
[11-Feb-2014 23:17:18 Europe/Madrid] TRACE juezFunctions::enumerate() : Enter
[11-Feb-2014 23:17:18 Europe/Madrid] QUERY juezFunctions::enumerate() :
SELECT count(*) FROM Jueces 
[11-Feb-2014 23:17:18 Europe/Madrid] QUERY juezFunctions::enumerate() :
SELECT * FROM Jueces  ORDER BY Nombre ASC
[11-Feb-2014 23:17:18 Europe/Madrid] TRACE juezFunctions::enumerate() : Leave
[11-Feb-2014 23:17:18 Europe/Madrid] TRACE juezFunctions::enumerate() : Enter
[11-Feb-2014 23:17:18 Europe/Madrid] QUERY juezFunctions::enumerate() :
SELECT count(*) FROM Jueces 
[11-Feb-2014 23:17:18 Europe/Madrid] QUERY juezFunctions::enumerate() :
SELECT * FROM Jueces  ORDER BY Nombre ASC
[11-Feb-2014 23:17:18 Europe/Madrid] TRACE juezFunctions::enumerate() : Leave
[11-Feb-2014 23:17:18 Europe/Madrid] QUERY clasificacionesFunctions::parcial() :
SELECT Manga, Resultados.Dorsal AS Dorsal, Nombre, Licencia, Resultados.Categoria AS Categoria, Guia, Club,
				Faltas, Rehuses, Tocados, Resultados.Tiempo AS Tiempo, Velocidad, Puntos, Calificacion
				FROM Resultados,Manga_3_PZYnRO6I
				WHERE ( Resultados.Dorsal = Manga_3_PZYnRO6I.Dorsal )
				ORDER BY Categoria ASC, Puntos ASC, Tiempo ASC
[11-Feb-2014 23:17:18 Europe/Madrid] TRACE clasificacionesFunctions::parcial() : Leave
[11-Feb-2014 23:17:19 Europe/Madrid] TRACE clasificacionesFunctions::parcial() : Enter
[11-Feb-2014 23:17:19 Europe/Madrid] QUERY clasificacionesFunctions::parcial() :
CREATE TEMPORARY TABLE Manga_3_DbtUCFNK (
			`Dorsal` int(4) NOT NULL,
			`Categoria` varchar(1) NOT NULL DEFAULT '-',
			`PRecorrido` double NOT NULL DEFAULT '0',
			`PTiempo` double NOT NULL DEFAULT '0',
			`Tiempo` double NOT NULL DEFAULT '0',
			`Velocidad` double NOT NULL DEFAULT '0',
			`Puntos` double NOT NULL DEFAULT '0',
			`Calificacion` varchar(16) DEFAULT NULL,
			PRIMARY KEY ( `Dorsal` )
		)
[11-Feb-2014 23:17:19 Europe/Madrid] QUERY clasificacionesFunctions::parcial() :
INSERT INTO Manga_3_DbtUCFNK (Dorsal,Categoria,Tiempo,PRecorrido) 
			SELECT Dorsal,Categoria,Tiempo, ( 5*Faltas + 5*Rehuses + 5*Tocados + 100*Eliminado + 200*NoPresentado ) AS PRecorrido
			FROM Resultados WHERE ( Manga =3 )
[11-Feb-2014 23:17:19 Europe/Madrid] QUERY clasificacionesFunctions::parcial() :
SELECT * FROM Manga_3_DbtUCFNK ORDER BY Categoria ASC , PRecorrido ASC , Tiempo ASC 
[11-Feb-2014 23:17:19 Europe/Madrid] TRACE clasificacionesFunctions::getJornada() : Leave
[11-Feb-2014 23:17:19 Europe/Madrid] QUERY clasificacionesFunctions::getJornada() :
SELECT Jornada FROM Mangas WHERE ID=3
[11-Feb-2014 23:17:19 Europe/Madrid] TRACE clasificacionesFunctions::getJornada() : Leave
[11-Feb-2014 23:17:19 Europe/Madrid] TRACE Clasificaciones.php::datosTRS() : Enter
[11-Feb-2014 23:17:19 Europe/Madrid] TRACE Clasificaciones.php::selectByID() : Enter
[11-Feb-2014 23:17:19 Europe/Madrid] QUERY Clasificaciones.php::selectByID() :
SELECT * FROM Mangas WHERE ( ID = 3 )
[11-Feb-2014 23:17:19 Europe/Madrid] TRACE Clasificaciones.php::selectByID() : Leave
[11-Feb-2014 23:17:19 Europe/Madrid] TRACE Clasificaciones.php::datosTRS() : Leave
[11-Feb-2014 23:17:20 Europe/Madrid] QUERY clasificacionesFunctions::parcial() :
SELECT Manga, Resultados.Dorsal AS Dorsal, Nombre, Licencia, Resultados.Categoria AS Categoria, Guia, Club,
				Faltas, Rehuses, Tocados, Resultados.Tiempo AS Tiempo, Velocidad, Puntos, Calificacion
				FROM Resultados,Manga_3_DbtUCFNK
				WHERE ( Resultados.Dorsal = Manga_3_DbtUCFNK.Dorsal )
				ORDER BY Categoria ASC, Puntos ASC, Tiempo ASC
[11-Feb-2014 23:17:20 Europe/Madrid] TRACE clasificacionesFunctions::parcial() : Leave
[11-Feb-2014 23:23:55 Europe/Madrid] TRACE clasificacionesFunctions::parcial() : Enter
[11-Feb-2014 23:23:55 Europe/Madrid] QUERY clasificacionesFunctions::parcial() :
CREATE TEMPORARY TABLE Manga_3_G2C680Eh (
			`Dorsal` int(4) NOT NULL,
			`Categoria` varchar(1) NOT NULL DEFAULT '-',
			`PRecorrido` double NOT NULL DEFAULT '0',
			`PTiempo` double NOT NULL DEFAULT '0',
			`Tiempo` double NOT NULL DEFAULT '0',
			`Velocidad` double NOT NULL DEFAULT '0',
			`Puntos` double NOT NULL DEFAULT '0',
			`Calificacion` varchar(16) DEFAULT NULL,
			PRIMARY KEY ( `Dorsal` )
		)
[11-Feb-2014 23:23:55 Europe/Madrid] QUERY clasificacionesFunctions::parcial() :
INSERT INTO Manga_3_G2C680Eh (Dorsal,Categoria,Tiempo,PRecorrido) 
			SELECT Dorsal,Categoria,Tiempo, ( 5*Faltas + 5*Rehuses + 5*Tocados + 100*Eliminado + 200*NoPresentado ) AS PRecorrido
			FROM Resultados WHERE ( Manga =3 )
[11-Feb-2014 23:23:55 Europe/Madrid] QUERY clasificacionesFunctions::parcial() :
SELECT * FROM Manga_3_G2C680Eh ORDER BY Categoria ASC , PRecorrido ASC , Tiempo ASC 
[11-Feb-2014 23:23:55 Europe/Madrid] TRACE clasificacionesFunctions::getJornada() : Leave
[11-Feb-2014 23:23:55 Europe/Madrid] QUERY clasificacionesFunctions::getJornada() :
SELECT Jornada FROM Mangas WHERE ID=3
[11-Feb-2014 23:23:55 Europe/Madrid] TRACE clasificacionesFunctions::getJornada() : Leave
[11-Feb-2014 23:23:55 Europe/Madrid] TRACE Clasificaciones.php::datosTRS() : Enter
[11-Feb-2014 23:23:55 Europe/Madrid] TRACE Clasificaciones.php::selectByID() : Enter
[11-Feb-2014 23:23:55 Europe/Madrid] QUERY Clasificaciones.php::selectByID() :
SELECT * FROM Mangas WHERE ( ID = 3 )
[11-Feb-2014 23:23:55 Europe/Madrid] TRACE Clasificaciones.php::selectByID() : Leave
[11-Feb-2014 23:23:55 Europe/Madrid] TRACE Clasificaciones.php::datosTRS() : Leave
[11-Feb-2014 23:23:55 Europe/Madrid] PHP Notice:  Undefined property: stdClass::$velocidad in /home/jantonio/work/agility/git-localrepo/agility/database/classes/Clasificaciones.php on line 112
[11-Feb-2014 23:23:55 Europe/Madrid] PHP Notice:  Undefined property: stdClass::$velocidad in /home/jantonio/work/agility/git-localrepo/agility/database/classes/Clasificaciones.php on line 112
[11-Feb-2014 23:23:55 Europe/Madrid] PHP Notice:  Undefined property: stdClass::$velocidad in /home/jantonio/work/agility/git-localrepo/agility/database/classes/Clasificaciones.php on line 112
[11-Feb-2014 23:23:55 Europe/Madrid] PHP Notice:  Undefined property: stdClass::$velocidad in /home/jantonio/work/agility/git-localrepo/agility/database/classes/Clasificaciones.php on line 112
[11-Feb-2014 23:23:55 Europe/Madrid] PHP Notice:  Undefined property: stdClass::$velocidad in /home/jantonio/work/agility/git-localrepo/agility/database/classes/Clasificaciones.php on line 112
[11-Feb-2014 23:23:55 Europe/Madrid] PHP Notice:  Undefined property: stdClass::$velocidad in /home/jantonio/work/agility/git-localrepo/agility/database/classes/Clasificaciones.php on line 112
[11-Feb-2014 23:23:55 Europe/Madrid] PHP Notice:  Undefined property: stdClass::$velocidad in /home/jantonio/work/agility/git-localrepo/agility/database/classes/Clasificaciones.php on line 112
[11-Feb-2014 23:23:55 Europe/Madrid] PHP Notice:  Undefined property: stdClass::$velocidad in /home/jantonio/work/agility/git-localrepo/agility/database/classes/Clasificaciones.php on line 112
[11-Feb-2014 23:23:55 Europe/Madrid] PHP Notice:  Undefined property: stdClass::$velocidad in /home/jantonio/work/agility/git-localrepo/agility/database/classes/Clasificaciones.php on line 112
[11-Feb-2014 23:23:56 Europe/Madrid] PHP Notice:  Undefined property: stdClass::$velocidad in /home/jantonio/work/agility/git-localrepo/agility/database/classes/Clasificaciones.php on line 112
[11-Feb-2014 23:23:56 Europe/Madrid] PHP Notice:  Undefined property: stdClass::$velocidad in /home/jantonio/work/agility/git-localrepo/agility/database/classes/Clasificaciones.php on line 112
[11-Feb-2014 23:23:56 Europe/Madrid] PHP Notice:  Undefined property: stdClass::$velocidad in /home/jantonio/work/agility/git-localrepo/agility/database/classes/Clasificaciones.php on line 112
[11-Feb-2014 23:23:56 Europe/Madrid] PHP Notice:  Undefined property: stdClass::$velocidad in /home/jantonio/work/agility/git-localrepo/agility/database/classes/Clasificaciones.php on line 112
[11-Feb-2014 23:23:56 Europe/Madrid] PHP Notice:  Undefined property: stdClass::$velocidad in /home/jantonio/work/agility/git-localrepo/agility/database/classes/Clasificaciones.php on line 112
[11-Feb-2014 23:23:56 Europe/Madrid] PHP Notice:  Undefined property: stdClass::$velocidad in /home/jantonio/work/agility/git-localrepo/agility/database/classes/Clasificaciones.php on line 112
[11-Feb-2014 23:23:56 Europe/Madrid] PHP Notice:  Undefined property: stdClass::$velocidad in /home/jantonio/work/agility/git-localrepo/agility/database/classes/Clasificaciones.php on line 112
[11-Feb-2014 23:23:56 Europe/Madrid] QUERY clasificacionesFunctions::parcial() :
SELECT Manga, Resultados.Dorsal AS Dorsal, Nombre, Licencia, Resultados.Categoria AS Categoria, Guia, Club,
				Faltas, Rehuses, Tocados, Resultados.Tiempo AS Tiempo, Velocidad, Puntos, Calificacion
				FROM Resultados,Manga_3_G2C680Eh
				WHERE ( Resultados.Dorsal = Manga_3_G2C680Eh.Dorsal )
				ORDER BY Categoria ASC, Puntos ASC, Tiempo ASC
[11-Feb-2014 23:23:56 Europe/Madrid] TRACE clasificacionesFunctions::parcial() : Leave
[11-Feb-2014 23:24:31 Europe/Madrid] TRACE clasificacionesFunctions::parcial() : Enter
[11-Feb-2014 23:24:31 Europe/Madrid] QUERY clasificacionesFunctions::parcial() :
CREATE TEMPORARY TABLE Manga_3_Io4UQ1g0 (
			`Dorsal` int(4) NOT NULL,
			`Categoria` varchar(1) NOT NULL DEFAULT '-',
			`PRecorrido` double NOT NULL DEFAULT '0',
			`PTiempo` double NOT NULL DEFAULT '0',
			`Tiempo` double NOT NULL DEFAULT '0',
			`Velocidad` double NOT NULL DEFAULT '0',
			`Puntos` double NOT NULL DEFAULT '0',
			`Calificacion` varchar(16) DEFAULT NULL,
			PRIMARY KEY ( `Dorsal` )
		)
[11-Feb-2014 23:24:31 Europe/Madrid] QUERY clasificacionesFunctions::parcial() :
INSERT INTO Manga_3_Io4UQ1g0 (Dorsal,Categoria,Tiempo,PRecorrido) 
			SELECT Dorsal,Categoria,Tiempo, ( 5*Faltas + 5*Rehuses + 5*Tocados + 100*Eliminado + 200*NoPresentado ) AS PRecorrido
			FROM Resultados WHERE ( Manga =3 )
[11-Feb-2014 23:24:31 Europe/Madrid] QUERY clasificacionesFunctions::parcial() :
SELECT * FROM Manga_3_Io4UQ1g0 ORDER BY Categoria ASC , PRecorrido ASC , Tiempo ASC 
[11-Feb-2014 23:24:31 Europe/Madrid] TRACE clasificacionesFunctions::getJornada() : Leave
[11-Feb-2014 23:24:31 Europe/Madrid] QUERY clasificacionesFunctions::getJornada() :
SELECT Jornada FROM Mangas WHERE ID=3
[11-Feb-2014 23:24:31 Europe/Madrid] TRACE clasificacionesFunctions::getJornada() : Leave
[11-Feb-2014 23:24:31 Europe/Madrid] TRACE Clasificaciones.php::datosTRS() : Enter
[11-Feb-2014 23:24:31 Europe/Madrid] TRACE Clasificaciones.php::selectByID() : Enter
[11-Feb-2014 23:24:31 Europe/Madrid] QUERY Clasificaciones.php::selectByID() :
SELECT * FROM Mangas WHERE ( ID = 3 )
[11-Feb-2014 23:24:31 Europe/Madrid] TRACE Clasificaciones.php::selectByID() : Leave
[11-Feb-2014 23:24:31 Europe/Madrid] TRACE Clasificaciones.php::datosTRS() : Leave
[11-Feb-2014 23:24:32 Europe/Madrid] QUERY clasificacionesFunctions::parcial() :
SELECT Manga, Resultados.Dorsal AS Dorsal, Nombre, Licencia, Resultados.Categoria AS Categoria, Guia, Club,
				Faltas, Rehuses, Tocados, Resultados.Tiempo AS Tiempo, Velocidad, Puntos, Calificacion
				FROM Resultados,Manga_3_Io4UQ1g0
				WHERE ( Resultados.Dorsal = Manga_3_Io4UQ1g0.Dorsal )
				ORDER BY Categoria ASC, Puntos ASC, Tiempo ASC
[11-Feb-2014 23:24:32 Europe/Madrid] TRACE clasificacionesFunctions::parcial() : Leave
[11-Feb-2014 23:26:53 Europe/Madrid] TRACE clasificacionesFunctions::parcial() : Enter
[11-Feb-2014 23:26:53 Europe/Madrid] QUERY clasificacionesFunctions::parcial() :
CREATE TEMPORARY TABLE Manga_3_Bp7QaNiS (
			`Dorsal` int(4) NOT NULL,
			`Categoria` varchar(1) NOT NULL DEFAULT '-',
			`PRecorrido` double NOT NULL DEFAULT '0',
			`PTiempo` double NOT NULL DEFAULT '0',
			`Tiempo` double NOT NULL DEFAULT '0',
			`Velocidad` double NOT NULL DEFAULT '0',
			`Puntos` double NOT NULL DEFAULT '0',
			`Calificacion` varchar(16) DEFAULT NULL,
			PRIMARY KEY ( `Dorsal` )
		)
[11-Feb-2014 23:26:53 Europe/Madrid] QUERY clasificacionesFunctions::parcial() :
INSERT INTO Manga_3_Bp7QaNiS (Dorsal,Categoria,Tiempo,PRecorrido) 
			SELECT Dorsal,Categoria,Tiempo, ( 5*Faltas + 5*Rehuses + 5*Tocados + 100*Eliminado + 200*NoPresentado ) AS PRecorrido
			FROM Resultados WHERE ( Manga =3 )
[11-Feb-2014 23:26:53 Europe/Madrid] QUERY clasificacionesFunctions::parcial() :
SELECT * FROM Manga_3_Bp7QaNiS ORDER BY Categoria ASC , PRecorrido ASC , Tiempo ASC 
[11-Feb-2014 23:26:53 Europe/Madrid] TRACE clasificacionesFunctions::getJornada() : Leave
[11-Feb-2014 23:26:53 Europe/Madrid] QUERY clasificacionesFunctions::getJornada() :
SELECT Jornada FROM Mangas WHERE ID=3
[11-Feb-2014 23:26:53 Europe/Madrid] TRACE clasificacionesFunctions::getJornada() : Leave
[11-Feb-2014 23:26:53 Europe/Madrid] TRACE Clasificaciones.php::datosTRS() : Enter
[11-Feb-2014 23:26:53 Europe/Madrid] TRACE Clasificaciones.php::selectByID() : Enter
[11-Feb-2014 23:26:53 Europe/Madrid] QUERY Clasificaciones.php::selectByID() :
SELECT * FROM Mangas WHERE ( ID = 3 )
[11-Feb-2014 23:26:53 Europe/Madrid] TRACE Clasificaciones.php::selectByID() : Leave
[11-Feb-2014 23:26:53 Europe/Madrid] TRACE Clasificaciones.php::datosTRS() : Leave
[11-Feb-2014 23:26:54 Europe/Madrid] QUERY clasificacionesFunctions::parcial() :
SELECT Manga, Resultados.Dorsal AS Dorsal, Nombre, Licencia, Resultados.Categoria AS Categoria, Guia, Club,
				Faltas, Rehuses, Tocados, Resultados.Tiempo AS Tiempo, Velocidad, Puntos, Calificacion
				FROM Resultados,Manga_3_Bp7QaNiS
				WHERE ( Resultados.Dorsal = Manga_3_Bp7QaNiS.Dorsal )
				ORDER BY Categoria ASC, Puntos ASC, Tiempo ASC
[11-Feb-2014 23:26:54 Europe/Madrid] TRACE clasificacionesFunctions::parcial() : Leave
[11-Feb-2014 23:27:24 Europe/Madrid] TRACE clasificacionesFunctions::parcial() : Enter
[11-Feb-2014 23:27:24 Europe/Madrid] QUERY clasificacionesFunctions::parcial() :
CREATE TEMPORARY TABLE Manga_3_hVkCETc4 (
			`Dorsal` int(4) NOT NULL,
			`Categoria` varchar(1) NOT NULL DEFAULT '-',
			`PRecorrido` double NOT NULL DEFAULT '0',
			`PTiempo` double NOT NULL DEFAULT '0',
			`Tiempo` double NOT NULL DEFAULT '0',
			`Velocidad` double NOT NULL DEFAULT '0',
			`Puntos` double NOT NULL DEFAULT '0',
			`Calificacion` varchar(16) DEFAULT NULL,
			PRIMARY KEY ( `Dorsal` )
		)
[11-Feb-2014 23:27:24 Europe/Madrid] QUERY clasificacionesFunctions::parcial() :
INSERT INTO Manga_3_hVkCETc4 (Dorsal,Categoria,Tiempo,PRecorrido) 
			SELECT Dorsal,Categoria,Tiempo, ( 5*Faltas + 5*Rehuses + 5*Tocados + 100*Eliminado + 200*NoPresentado ) AS PRecorrido
			FROM Resultados WHERE ( Manga =3 )
[11-Feb-2014 23:27:24 Europe/Madrid] QUERY clasificacionesFunctions::parcial() :
SELECT * FROM Manga_3_hVkCETc4 ORDER BY Categoria ASC , PRecorrido ASC , Tiempo ASC 
[11-Feb-2014 23:27:24 Europe/Madrid] TRACE clasificacionesFunctions::getJornada() : Leave
[11-Feb-2014 23:27:24 Europe/Madrid] QUERY clasificacionesFunctions::getJornada() :
SELECT Jornada FROM Mangas WHERE ID=3
[11-Feb-2014 23:27:24 Europe/Madrid] TRACE clasificacionesFunctions::getJornada() : Leave
[11-Feb-2014 23:27:24 Europe/Madrid] TRACE Clasificaciones.php::datosTRS() : Enter
[11-Feb-2014 23:27:24 Europe/Madrid] TRACE Clasificaciones.php::selectByID() : Enter
[11-Feb-2014 23:27:24 Europe/Madrid] QUERY Clasificaciones.php::selectByID() :
SELECT * FROM Mangas WHERE ( ID = 3 )
[11-Feb-2014 23:27:24 Europe/Madrid] TRACE Clasificaciones.php::selectByID() : Leave
[11-Feb-2014 23:27:24 Europe/Madrid] TRACE Clasificaciones.php::datosTRS() : Leave
[11-Feb-2014 23:27:25 Europe/Madrid] QUERY clasificacionesFunctions::parcial() :
SELECT Manga, Resultados.Dorsal AS Dorsal, Nombre, Licencia, Resultados.Categoria AS Categoria, Guia, Club,
				Faltas, Rehuses, Tocados, Resultados.Tiempo AS Tiempo, Velocidad, Puntos, Calificacion
				FROM Resultados,Manga_3_hVkCETc4
				WHERE ( Resultados.Dorsal = Manga_3_hVkCETc4.Dorsal )
				ORDER BY Categoria ASC, Puntos ASC, Tiempo ASC
[11-Feb-2014 23:27:25 Europe/Madrid] TRACE clasificacionesFunctions::parcial() : Leave
